{"contracts\\BaseDoNFT.sol":{"l":{"38":0,"39":0,"40":0,"41":0,"42":0,"43":0,"44":0,"48":0,"49":0,"51":0,"59":0,"60":0,"61":0,"67":0,"75":0,"83":0,"84":0,"92":0,"93":0,"105":0,"106":0,"107":0,"108":0,"109":0,"113":0,"114":0,"115":0,"116":0,"117":0,"118":0,"122":0,"125":0,"133":0,"147":0,"148":0,"149":0,"150":0,"151":0,"152":0,"153":0,"154":0,"155":0,"156":0,"157":0,"158":0,"163":0,"174":0,"175":0,"177":0,"181":0,"185":0,"186":0,"187":0,"188":0,"192":0,"193":0,"194":0,"195":0,"196":0,"197":0,"198":0,"201":0,"202":0,"204":0,"206":0,"207":0,"209":0,"212":0,"213":0,"216":0,"217":0,"219":0,"223":0,"227":0,"235":0,"236":0,"237":0,"238":0,"239":0,"240":0,"248":0,"249":0,"250":0,"251":0,"260":0,"261":0,"262":0,"271":0,"275":0,"276":0,"277":0,"281":0,"283":0,"284":0,"285":0,"286":0,"287":0,"288":0,"290":0,"291":0,"292":0,"295":0,"296":0,"301":0,"302":0,"303":0,"304":0,"305":0,"309":0,"310":0,"311":0,"312":0,"314":0,"315":0,"316":0,"317":0,"321":0,"322":0,"330":0,"334":0,"335":0,"336":0,"337":0,"338":0,"339":0,"350":0,"351":0,"352":0,"353":0,"354":0,"355":0,"356":0,"357":0,"358":0,"363":0,"364":0,"365":0,"374":0,"381":0,"387":0,"389":0,"393":0,"397":0,"398":0,"402":0,"411":0,"412":0,"420":0,"421":0,"422":0,"432":0,"438":0,"446":0,"447":0,"448":0,"454":0,"455":0,"458":0,"459":0,"463":0,"464":0,"465":0,"466":0,"467":0,"470":0},"path":"C:\\Users\\thoma\\Alyra\\double\\double-contract\\contracts\\BaseDoNFT.sol","s":{"1":0,"2":0,"3":0,"4":0,"5":0,"6":0,"7":0,"8":0,"9":0,"10":0,"11":0,"12":0,"13":0,"14":0,"15":0,"16":0,"17":0,"18":0,"19":0,"20":0,"21":0,"22":0,"23":0,"24":0,"25":0,"26":0,"27":0,"28":0,"29":0,"30":0,"31":0,"32":0,"33":0,"34":0,"35":0,"36":0,"37":0,"38":0,"39":0,"40":0,"41":0,"42":0,"43":0,"44":0,"45":0,"46":0,"47":0,"48":0,"49":0,"50":0,"51":0,"52":0,"53":0,"54":0,"55":0,"56":0,"57":0,"58":0,"59":0,"60":0,"61":0,"62":0,"63":0,"64":0,"65":0,"66":0,"67":0,"68":0,"69":0,"70":0,"71":0,"72":0,"73":0,"74":0,"75":0,"76":0,"77":0,"78":0,"79":0,"80":0,"81":0,"82":0,"83":0,"84":0,"85":0,"86":0,"87":0,"88":0,"89":0,"90":0,"91":0,"92":0,"93":0,"94":0,"95":0,"96":0,"97":0,"98":0,"99":0,"100":0,"101":0,"102":0,"103":0,"104":0,"105":0,"106":0,"107":0,"108":0,"109":0,"110":0,"111":0,"112":0,"113":0,"114":0,"115":0,"116":0,"117":0,"118":0,"119":0,"120":0,"121":0,"122":0,"123":0},"b":{"1":[0,0],"2":[0,0],"3":[0,0],"4":[0,0],"5":[0,0],"6":[0,0],"7":[0,0],"8":[0,0],"9":[0,0],"10":[0,0],"11":[0,0],"12":[0,0],"13":[0,0],"14":[0,0],"15":[0,0],"16":[0,0],"17":[0,0],"18":[0,0],"19":[0,0],"20":[0,0],"21":[0,0],"22":[0,0],"23":[0,0],"24":[0,0],"25":[0,0],"26":[0,0],"27":[0,0],"28":[0,0],"29":[0,0],"30":[0,0],"31":[0,0],"32":[0,0],"33":[0,0],"34":[0,0],"35":[0,0],"36":[0,0],"37":[0,0],"38":[0,0],"39":[0,0],"40":[0,0],"41":[0,0],"42":[0,0],"43":[0,0],"44":[0,0],"45":[0,0],"46":[0,0],"47":[0,0],"48":[0,0],"49":[0,0],"50":[0,0]},"f":{"1":0,"2":0,"3":0,"4":0,"5":0,"6":0,"7":0,"8":0,"9":0,"10":0,"11":0,"12":0,"13":0,"14":0,"15":0,"16":0,"17":0,"18":0,"19":0,"20":0,"21":0,"22":0,"23":0,"24":0,"25":0,"26":0,"27":0,"28":0,"29":0,"30":0,"31":0,"32":0,"33":0,"34":0,"35":0,"36":0},"fnMap":{"1":{"name":"_BaseDoNFT_init","line":37,"loc":{"start":{"line":30,"column":4},"end":{"line":45,"column":4}}},"2":{"name":"onlyNow","line":47,"loc":{"start":{"line":47,"column":4},"end":{"line":52,"column":4}}},"3":{"name":"onlyApprovedOrOwner","line":54,"loc":{"start":{"line":54,"column":4},"end":{"line":64,"column":4}}},"4":{"name":"setIsOnlyNow","line":66,"loc":{"start":{"line":66,"column":4},"end":{"line":68,"column":4}}},"5":{"name":"contains","line":70,"loc":{"start":{"line":70,"column":4},"end":{"line":76,"column":4}}},"6":{"name":"getDurationIdList","line":78,"loc":{"start":{"line":78,"column":4},"end":{"line":85,"column":4}}},"7":{"name":"getDuration","line":87,"loc":{"start":{"line":87,"column":4},"end":{"line":94,"column":4}}},"8":{"name":"getDurationByIndex","line":96,"loc":{"start":{"line":96,"column":4},"end":{"line":110,"column":4}}},"9":{"name":"isValidNow","line":112,"loc":{"start":{"line":112,"column":4},"end":{"line":126,"column":4}}},"10":{"name":"getDurationListLength","line":128,"loc":{"start":{"line":128,"column":4},"end":{"line":134,"column":4}}},"11":{"name":"getDoNftInfo","line":136,"loc":{"start":{"line":136,"column":4},"end":{"line":160,"column":4}}},"12":{"name":"getNonce","line":162,"loc":{"start":{"line":162,"column":4},"end":{"line":164,"column":4}}},"13":{"name":"mint","line":173,"loc":{"start":{"line":166,"column":4},"end":{"line":220,"column":4}}},"14":{"name":"setMaxDuration","line":222,"loc":{"start":{"line":222,"column":4},"end":{"line":224,"column":4}}},"15":{"name":"getMaxDuration","line":226,"loc":{"start":{"line":226,"column":4},"end":{"line":228,"column":4}}},"16":{"name":"newDoNft","line":230,"loc":{"start":{"line":230,"column":4},"end":{"line":241,"column":4}}},"17":{"name":"newDuration","line":243,"loc":{"start":{"line":243,"column":4},"end":{"line":252,"column":4}}},"18":{"name":"mintDoNft","line":254,"loc":{"start":{"line":254,"column":4},"end":{"line":263,"column":4}}},"19":{"name":"concat","line":265,"loc":{"start":{"line":265,"column":4},"end":{"line":298,"column":4}}},"20":{"name":"_burnDuration","line":300,"loc":{"start":{"line":300,"column":4},"end":{"line":306,"column":4}}},"21":{"name":"_burnVNft","line":308,"loc":{"start":{"line":308,"column":4},"end":{"line":318,"column":4}}},"22":{"name":"_burnToken","line":320,"loc":{"start":{"line":320,"column":4},"end":{"line":323,"column":4}}},"23":{"name":"checkIn","line":325,"loc":{"start":{"line":325,"column":4},"end":{"line":347,"column":4}}},"24":{"name":"gc","line":349,"loc":{"start":{"line":349,"column":4},"end":{"line":367,"column":4}}},"25":{"name":"getFingerprint","line":369,"loc":{"start":{"line":369,"column":4},"end":{"line":384,"column":4}}},"26":{"name":"isVNft","line":386,"loc":{"start":{"line":386,"column":4},"end":{"line":390,"column":4}}},"27":{"name":"getOriginalNftAddress","line":392,"loc":{"start":{"line":392,"column":4},"end":{"line":394,"column":4}}},"28":{"name":"getOriginalNftId","line":396,"loc":{"start":{"line":396,"column":4},"end":{"line":399,"column":4}}},"29":{"name":"getVNftId","line":401,"loc":{"start":{"line":401,"column":4},"end":{"line":403,"column":4}}},"30":{"name":"onERC721Received","line":405,"loc":{"start":{"line":405,"column":4},"end":{"line":413,"column":4}}},"31":{"name":"_update","line":415,"loc":{"start":{"line":415,"column":4},"end":{"line":423,"column":4}}},"32":{"name":"supportsInterface","line":425,"loc":{"start":{"line":425,"column":4},"end":{"line":435,"column":4}}},"33":{"name":"exists","line":437,"loc":{"start":{"line":437,"column":4},"end":{"line":439,"column":4}}},"34":{"name":"isApprovedOrOwnerOrMarket","line":441,"loc":{"start":{"line":441,"column":4},"end":{"line":451,"column":4}}},"35":{"name":"setMarket","line":453,"loc":{"start":{"line":453,"column":4},"end":{"line":460,"column":4}}},"36":{"name":"multicall","line":462,"loc":{"start":{"line":462,"column":4},"end":{"line":471,"column":4}}}},"statementMap":{"1":{"start":{"line":38,"column":8},"end":{"line":38,"column":36}},"2":{"start":{"line":39,"column":8},"end":{"line":39,"column":31}},"3":{"start":{"line":40,"column":8},"end":{"line":40,"column":42}},"4":{"start":{"line":48,"column":8},"end":{"line":48,"column":1607}},"5":{"start":{"line":49,"column":12},"end":{"line":49,"column":61}},"6":{"start":{"line":59,"column":8},"end":{"line":59,"column":45}},"7":{"start":{"line":59,"column":34},"end":{"line":59,"column":45}},"8":{"start":{"line":60,"column":8},"end":{"line":60,"column":61}},"9":{"start":{"line":61,"column":8},"end":{"line":61,"column":2053}},"10":{"start":{"line":75,"column":8},"end":{"line":75,"column":70}},"11":{"start":{"line":83,"column":8},"end":{"line":83,"column":54}},"12":{"start":{"line":84,"column":8},"end":{"line":84,"column":41}},"13":{"start":{"line":92,"column":8},"end":{"line":92,"column":63}},"14":{"start":{"line":93,"column":8},"end":{"line":93,"column":45}},"15":{"start":{"line":105,"column":8},"end":{"line":105,"column":54}},"16":{"start":{"line":106,"column":8},"end":{"line":106,"column":66}},"17":{"start":{"line":109,"column":8},"end":{"line":109,"column":39}},"18":{"start":{"line":113,"column":8},"end":{"line":113,"column":54}},"19":{"start":{"line":114,"column":8},"end":{"line":114,"column":51}},"20":{"start":{"line":115,"column":8},"end":{"line":115,"column":26}},"21":{"start":{"line":116,"column":8},"end":{"line":116,"column":3656}},"22":{"start":{"line":118,"column":12},"end":{"line":118,"column":3779}},"23":{"start":{"line":122,"column":16},"end":{"line":122,"column":27}},"24":{"start":{"line":125,"column":8},"end":{"line":125,"column":20}},"25":{"start":{"line":133,"column":8},"end":{"line":133,"column":58}},"26":{"start":{"line":147,"column":8},"end":{"line":147,"column":54}},"27":{"start":{"line":150,"column":8},"end":{"line":150,"column":51}},"28":{"start":{"line":151,"column":8},"end":{"line":151,"column":26}},"29":{"start":{"line":155,"column":8},"end":{"line":155,"column":4825}},"30":{"start":{"line":163,"column":8},"end":{"line":163,"column":42}},"31":{"start":{"line":174,"column":8},"end":{"line":174,"column":5439}},"32":{"start":{"line":177,"column":8},"end":{"line":177,"column":5536}},"33":{"start":{"line":181,"column":8},"end":{"line":181,"column":5667}},"34":{"start":{"line":185,"column":8},"end":{"line":185,"column":54}},"35":{"start":{"line":186,"column":8},"end":{"line":186,"column":72}},"36":{"start":{"line":187,"column":8},"end":{"line":187,"column":63}},"37":{"start":{"line":188,"column":8},"end":{"line":188,"column":5998}},"38":{"start":{"line":192,"column":8},"end":{"line":192,"column":27}},"39":{"start":{"line":193,"column":8},"end":{"line":193,"column":6151}},"40":{"start":{"line":196,"column":12},"end":{"line":196,"column":45}},"41":{"start":{"line":197,"column":12},"end":{"line":197,"column":6369}},"42":{"start":{"line":198,"column":16},"end":{"line":198,"column":34}},"43":{"start":{"line":201,"column":12},"end":{"line":201,"column":6492}},"44":{"start":{"line":203,"column":19},"end":{"line":203,"column":6609}},"45":{"start":{"line":206,"column":16},"end":{"line":206,"column":6749}},"46":{"start":{"line":207,"column":20},"end":{"line":207,"column":66}},"47":{"start":{"line":216,"column":8},"end":{"line":216,"column":7041}},"48":{"start":{"line":217,"column":12},"end":{"line":217,"column":42}},"49":{"start":{"line":219,"column":8},"end":{"line":219,"column":36}},"50":{"start":{"line":227,"column":8},"end":{"line":227,"column":26}},"51":{"start":{"line":236,"column":8},"end":{"line":236,"column":54}},"52":{"start":{"line":239,"column":8},"end":{"line":239,"column":39}},"53":{"start":{"line":240,"column":8},"end":{"line":240,"column":22}},"54":{"start":{"line":250,"column":8},"end":{"line":250,"column":60}},"55":{"start":{"line":251,"column":8},"end":{"line":251,"column":63}},"56":{"start":{"line":260,"column":8},"end":{"line":260,"column":33}},"57":{"start":{"line":261,"column":8},"end":{"line":261,"column":29}},"58":{"start":{"line":262,"column":8},"end":{"line":262,"column":22}},"59":{"start":{"line":271,"column":8},"end":{"line":271,"column":8464}},"60":{"start":{"line":275,"column":8},"end":{"line":275,"column":61}},"61":{"start":{"line":276,"column":8},"end":{"line":276,"column":72}},"62":{"start":{"line":277,"column":8},"end":{"line":277,"column":8763}},"63":{"start":{"line":281,"column":8},"end":{"line":281,"column":73}},"64":{"start":{"line":283,"column":8},"end":{"line":283,"column":63}},"65":{"start":{"line":284,"column":8},"end":{"line":284,"column":75}},"66":{"start":{"line":285,"column":8},"end":{"line":285,"column":9115}},"67":{"start":{"line":286,"column":12},"end":{"line":286,"column":60}},"68":{"start":{"line":288,"column":12},"end":{"line":288,"column":45}},"69":{"start":{"line":289,"column":15},"end":{"line":289,"column":9339}},"70":{"start":{"line":290,"column":12},"end":{"line":290,"column":60}},"71":{"start":{"line":292,"column":12},"end":{"line":292,"column":45}},"72":{"start":{"line":295,"column":8},"end":{"line":295,"column":9565}},"73":{"start":{"line":296,"column":12},"end":{"line":296,"column":30}},"74":{"start":{"line":302,"column":8},"end":{"line":302,"column":60}},"75":{"start":{"line":303,"column":8},"end":{"line":303,"column":47}},"76":{"start":{"line":305,"column":8},"end":{"line":305,"column":30}},"77":{"start":{"line":309,"column":8},"end":{"line":309,"column":50}},"78":{"start":{"line":310,"column":8},"end":{"line":310,"column":51}},"79":{"start":{"line":311,"column":8},"end":{"line":311,"column":10145}},"80":{"start":{"line":314,"column":8},"end":{"line":314,"column":53}},"81":{"start":{"line":317,"column":8},"end":{"line":317,"column":22}},"82":{"start":{"line":321,"column":8},"end":{"line":321,"column":27}},"83":{"start":{"line":330,"column":8},"end":{"line":330,"column":10705}},"84":{"start":{"line":334,"column":8},"end":{"line":334,"column":54}},"85":{"start":{"line":335,"column":8},"end":{"line":335,"column":63}},"86":{"start":{"line":336,"column":8},"end":{"line":336,"column":62}},"87":{"start":{"line":337,"column":8},"end":{"line":337,"column":66}},"88":{"start":{"line":338,"column":8},"end":{"line":338,"column":70}},"89":{"start":{"line":339,"column":8},"end":{"line":339,"column":11170}},"90":{"start":{"line":350,"column":8},"end":{"line":350,"column":54}},"91":{"start":{"line":351,"column":8},"end":{"line":351,"column":26}},"92":{"start":{"line":352,"column":8},"end":{"line":352,"column":33}},"93":{"start":{"line":353,"column":8},"end":{"line":353,"column":11548}},"94":{"start":{"line":355,"column":12},"end":{"line":355,"column":11674}},"95":{"start":{"line":357,"column":16},"end":{"line":357,"column":11789}},"96":{"start":{"line":358,"column":20},"end":{"line":358,"column":53}},"97":{"start":{"line":363,"column":8},"end":{"line":363,"column":11933}},"98":{"start":{"line":364,"column":12},"end":{"line":364,"column":57}},"99":{"start":{"line":365,"column":12},"end":{"line":365,"column":30}},"100":{"start":{"line":374,"column":8},"end":{"line":374,"column":12237}},"101":{"start":{"line":387,"column":8},"end":{"line":387,"column":38}},"102":{"start":{"line":387,"column":26},"end":{"line":387,"column":38}},"103":{"start":{"line":389,"column":8},"end":{"line":389,"column":60}},"104":{"start":{"line":393,"column":8},"end":{"line":393,"column":26}},"105":{"start":{"line":397,"column":8},"end":{"line":397,"column":54}},"106":{"start":{"line":398,"column":8},"end":{"line":398,"column":23}},"107":{"start":{"line":402,"column":8},"end":{"line":402,"column":37}},"108":{"start":{"line":411,"column":8},"end":{"line":411,"column":36}},"109":{"start":{"line":412,"column":8},"end":{"line":412,"column":23}},"110":{"start":{"line":420,"column":8},"end":{"line":420,"column":55}},"111":{"start":{"line":422,"column":8},"end":{"line":422,"column":19}},"112":{"start":{"line":432,"column":8},"end":{"line":432,"column":13887}},"113":{"start":{"line":438,"column":8},"end":{"line":438,"column":46}},"114":{"start":{"line":446,"column":8},"end":{"line":446,"column":42}},"115":{"start":{"line":446,"column":31},"end":{"line":446,"column":42}},"116":{"start":{"line":447,"column":8},"end":{"line":447,"column":41}},"117":{"start":{"line":448,"column":8},"end":{"line":448,"column":14383}},"118":{"start":{"line":454,"column":8},"end":{"line":454,"column":18}},"119":{"start":{"line":458,"column":8},"end":{"line":458,"column":63}},"120":{"start":{"line":464,"column":8},"end":{"line":464,"column":14873}},"121":{"start":{"line":465,"column":12},"end":{"line":465,"column":85}},"122":{"start":{"line":466,"column":12},"end":{"line":466,"column":15018}},"123":{"start":{"line":470,"column":8},"end":{"line":470,"column":22}}},"branchMap":{"1":{"line":37,"type":"if","locations":[{"start":{"line":37,"column":15},"end":{"line":37,"column":15}},{"start":{"line":37,"column":15},"end":{"line":37,"column":15}}]},"2":{"line":48,"type":"if","locations":[{"start":{"line":48,"column":8},"end":{"line":48,"column":8}},{"start":{"line":48,"column":8},"end":{"line":48,"column":8}}]},"3":{"line":49,"type":"if","locations":[{"start":{"line":49,"column":12},"end":{"line":49,"column":12}},{"start":{"line":49,"column":12},"end":{"line":49,"column":12}}]},"4":{"line":59,"type":"if","locations":[{"start":{"line":59,"column":8},"end":{"line":59,"column":8}},{"start":{"line":59,"column":8},"end":{"line":59,"column":8}}]},"5":{"line":61,"type":"cond-expr","locations":[{"start":{"line":61,"column":16},"end":{"line":61,"column":32}},{"start":{"line":62,"column":12},"end":{"line":62,"column":62}}]},"6":{"line":61,"type":"cond-expr","locations":[{"start":{"line":61,"column":16},"end":{"line":62,"column":62}},{"start":{"line":63,"column":12},"end":{"line":63,"column":64}}]},"7":{"line":66,"type":"if","locations":[{"start":{"line":66,"column":41},"end":{"line":66,"column":41}},{"start":{"line":66,"column":41},"end":{"line":66,"column":41}}]},"8":{"line":106,"type":"if","locations":[{"start":{"line":106,"column":8},"end":{"line":106,"column":8}},{"start":{"line":106,"column":8},"end":{"line":106,"column":8}}]},"9":{"line":118,"type":"if","locations":[{"start":{"line":118,"column":12},"end":{"line":118,"column":12}},{"start":{"line":118,"column":12},"end":{"line":118,"column":12}}]},"10":{"line":173,"type":"if","locations":[{"start":{"line":173,"column":13},"end":{"line":173,"column":13}},{"start":{"line":173,"column":13},"end":{"line":173,"column":13}}]},"11":{"line":173,"type":"if","locations":[{"start":{"line":173,"column":28},"end":{"line":173,"column":28}},{"start":{"line":173,"column":28},"end":{"line":173,"column":28}}]},"12":{"line":174,"type":"if","locations":[{"start":{"line":174,"column":8},"end":{"line":174,"column":8}},{"start":{"line":174,"column":8},"end":{"line":174,"column":8}}]},"13":{"line":177,"type":"if","locations":[{"start":{"line":177,"column":8},"end":{"line":177,"column":8}},{"start":{"line":177,"column":8},"end":{"line":177,"column":8}}]},"14":{"line":181,"type":"if","locations":[{"start":{"line":181,"column":8},"end":{"line":181,"column":8}},{"start":{"line":181,"column":8},"end":{"line":181,"column":8}}]},"15":{"line":186,"type":"if","locations":[{"start":{"line":186,"column":8},"end":{"line":186,"column":8}},{"start":{"line":186,"column":8},"end":{"line":186,"column":8}}]},"16":{"line":188,"type":"if","locations":[{"start":{"line":188,"column":8},"end":{"line":188,"column":8}},{"start":{"line":188,"column":8},"end":{"line":188,"column":8}}]},"17":{"line":193,"type":"if","locations":[{"start":{"line":193,"column":8},"end":{"line":193,"column":8}},{"start":{"line":193,"column":8},"end":{"line":193,"column":8}}]},"18":{"line":197,"type":"if","locations":[{"start":{"line":197,"column":12},"end":{"line":197,"column":12}},{"start":{"line":197,"column":12},"end":{"line":197,"column":12}}]},"19":{"line":201,"type":"if","locations":[{"start":{"line":201,"column":12},"end":{"line":201,"column":12}},{"start":{"line":201,"column":12},"end":{"line":201,"column":12}}]},"20":{"line":203,"type":"if","locations":[{"start":{"line":203,"column":19},"end":{"line":203,"column":19}},{"start":{"line":203,"column":19},"end":{"line":203,"column":19}}]},"21":{"line":206,"type":"if","locations":[{"start":{"line":206,"column":16},"end":{"line":206,"column":16}},{"start":{"line":206,"column":16},"end":{"line":206,"column":16}}]},"22":{"line":216,"type":"if","locations":[{"start":{"line":216,"column":8},"end":{"line":216,"column":8}},{"start":{"line":216,"column":8},"end":{"line":216,"column":8}}]},"23":{"line":222,"type":"if","locations":[{"start":{"line":222,"column":45},"end":{"line":222,"column":45}},{"start":{"line":222,"column":45},"end":{"line":222,"column":45}}]},"24":{"line":271,"type":"if","locations":[{"start":{"line":271,"column":8},"end":{"line":271,"column":8}},{"start":{"line":271,"column":8},"end":{"line":271,"column":8}}]},"25":{"line":275,"type":"if","locations":[{"start":{"line":275,"column":8},"end":{"line":275,"column":8}},{"start":{"line":275,"column":8},"end":{"line":275,"column":8}}]},"26":{"line":276,"type":"if","locations":[{"start":{"line":276,"column":8},"end":{"line":276,"column":8}},{"start":{"line":276,"column":8},"end":{"line":276,"column":8}}]},"27":{"line":277,"type":"if","locations":[{"start":{"line":277,"column":8},"end":{"line":277,"column":8}},{"start":{"line":277,"column":8},"end":{"line":277,"column":8}}]},"28":{"line":281,"type":"if","locations":[{"start":{"line":281,"column":8},"end":{"line":281,"column":8}},{"start":{"line":281,"column":8},"end":{"line":281,"column":8}}]},"29":{"line":285,"type":"if","locations":[{"start":{"line":285,"column":8},"end":{"line":285,"column":8}},{"start":{"line":285,"column":8},"end":{"line":285,"column":8}}]},"30":{"line":286,"type":"if","locations":[{"start":{"line":286,"column":12},"end":{"line":286,"column":12}},{"start":{"line":286,"column":12},"end":{"line":286,"column":12}}]},"31":{"line":289,"type":"if","locations":[{"start":{"line":289,"column":15},"end":{"line":289,"column":15}},{"start":{"line":289,"column":15},"end":{"line":289,"column":15}}]},"32":{"line":290,"type":"if","locations":[{"start":{"line":290,"column":12},"end":{"line":290,"column":12}},{"start":{"line":290,"column":12},"end":{"line":290,"column":12}}]},"33":{"line":295,"type":"if","locations":[{"start":{"line":295,"column":8},"end":{"line":295,"column":8}},{"start":{"line":295,"column":8},"end":{"line":295,"column":8}}]},"34":{"line":330,"type":"if","locations":[{"start":{"line":330,"column":8},"end":{"line":330,"column":8}},{"start":{"line":330,"column":8},"end":{"line":330,"column":8}}]},"35":{"line":336,"type":"if","locations":[{"start":{"line":336,"column":8},"end":{"line":336,"column":8}},{"start":{"line":336,"column":8},"end":{"line":336,"column":8}}]},"36":{"line":337,"type":"if","locations":[{"start":{"line":337,"column":8},"end":{"line":337,"column":8}},{"start":{"line":337,"column":8},"end":{"line":337,"column":8}}]},"37":{"line":338,"type":"if","locations":[{"start":{"line":338,"column":8},"end":{"line":338,"column":8}},{"start":{"line":338,"column":8},"end":{"line":338,"column":8}}]},"38":{"line":355,"type":"if","locations":[{"start":{"line":355,"column":12},"end":{"line":355,"column":12}},{"start":{"line":355,"column":12},"end":{"line":355,"column":12}}]},"39":{"line":357,"type":"if","locations":[{"start":{"line":357,"column":16},"end":{"line":357,"column":16}},{"start":{"line":357,"column":16},"end":{"line":357,"column":16}}]},"40":{"line":363,"type":"if","locations":[{"start":{"line":363,"column":8},"end":{"line":363,"column":8}},{"start":{"line":363,"column":8},"end":{"line":363,"column":8}}]},"41":{"line":364,"type":"if","locations":[{"start":{"line":364,"column":12},"end":{"line":364,"column":12}},{"start":{"line":364,"column":12},"end":{"line":364,"column":12}}]},"42":{"line":387,"type":"if","locations":[{"start":{"line":387,"column":8},"end":{"line":387,"column":8}},{"start":{"line":387,"column":8},"end":{"line":387,"column":8}}]},"43":{"line":433,"type":"cond-expr","locations":[{"start":{"line":433,"column":12},"end":{"line":433,"column":54}},{"start":{"line":434,"column":12},"end":{"line":434,"column":47}}]},"44":{"line":446,"type":"if","locations":[{"start":{"line":446,"column":8},"end":{"line":446,"column":8}},{"start":{"line":446,"column":8},"end":{"line":446,"column":8}}]},"45":{"line":448,"type":"cond-expr","locations":[{"start":{"line":448,"column":16},"end":{"line":448,"column":31}},{"start":{"line":449,"column":16},"end":{"line":449,"column":46}}]},"46":{"line":448,"type":"cond-expr","locations":[{"start":{"line":448,"column":16},"end":{"line":449,"column":46}},{"start":{"line":450,"column":16},"end":{"line":450,"column":47}}]},"47":{"line":453,"type":"if","locations":[{"start":{"line":453,"column":47},"end":{"line":453,"column":47}},{"start":{"line":453,"column":47},"end":{"line":453,"column":47}}]},"48":{"line":458,"type":"if","locations":[{"start":{"line":458,"column":8},"end":{"line":458,"column":8}},{"start":{"line":458,"column":8},"end":{"line":458,"column":8}}]},"49":{"line":458,"type":"cond-expr","locations":[{"start":{"line":458,"column":16},"end":{"line":458,"column":22}},{"start":{"line":458,"column":27},"end":{"line":458,"column":34}}]},"50":{"line":466,"type":"if","locations":[{"start":{"line":466,"column":12},"end":{"line":466,"column":12}},{"start":{"line":466,"column":12},"end":{"line":466,"column":12}}]}}},"contracts\\CheckInMgr.sol":{"l":{"26":0,"27":0,"28":0,"29":0,"38":0,"50":0},"path":"C:\\Users\\thoma\\Alyra\\double\\double-contract\\contracts\\CheckInMgr.sol","s":{"1":0,"2":0,"3":0,"4":0,"5":0},"b":{"1":[0,0],"2":[0,0]},"f":{"1":0,"2":0,"3":0},"fnMap":{"1":{"name":"resetExpiredTo","line":24,"loc":{"start":{"line":21,"column":4},"end":{"line":32,"column":4}}},"2":{"name":"isCheckInDataExpired","line":37,"loc":{"start":{"line":37,"column":4},"end":{"line":39,"column":4}}},"3":{"name":"setUser","line":45,"loc":{"start":{"line":45,"column":4},"end":{"line":51,"column":4}}}},"statementMap":{"1":{"start":{"line":26,"column":8},"end":{"line":26,"column":767}},"2":{"start":{"line":27,"column":12},"end":{"line":27,"column":36}},"3":{"start":{"line":28,"column":12},"end":{"line":28,"column":878}},"4":{"start":{"line":29,"column":16},"end":{"line":29,"column":34}},"5":{"start":{"line":38,"column":8},"end":{"line":38,"column":58}}},"branchMap":{"1":{"line":24,"type":"if","locations":[{"start":{"line":24,"column":8},"end":{"line":24,"column":8}},{"start":{"line":24,"column":8},"end":{"line":24,"column":8}}]},"2":{"line":28,"type":"if","locations":[{"start":{"line":28,"column":12},"end":{"line":28,"column":12}},{"start":{"line":28,"column":12},"end":{"line":28,"column":12}}]}}},"contracts\\ComplexDoNFT.sol":{"l":{"24":0,"25":0,"31":0,"32":0,"34":0,"35":0,"36":0,"37":0,"38":0,"42":0,"43":0,"44":0,"46":0,"50":0,"51":0,"54":0,"58":0,"59":0,"62":0,"63":0,"64":0,"72":0,"73":0,"83":0,"90":0,"94":0,"95":0,"97":0,"98":0,"99":0,"100":0,"106":0,"113":0,"114":0,"120":0,"129":0,"130":0,"131":0,"132":0,"133":0,"135":0,"136":0,"137":0,"140":0,"141":0,"142":0,"144":0,"145":0,"148":0},"path":"C:\\Users\\thoma\\Alyra\\double\\double-contract\\contracts\\ComplexDoNFT.sol","s":{"1":0,"2":0,"3":0,"4":0,"5":0,"6":0,"7":0,"8":0,"9":0,"10":0,"11":0,"12":0,"13":0,"14":0,"15":0,"16":0,"17":0,"18":0,"19":0,"20":0,"21":0,"22":0,"23":0,"24":0,"25":0,"26":0,"27":0,"28":0,"29":0,"30":0,"31":0,"32":0,"33":0,"34":0,"35":0,"36":0,"37":0},"b":{"1":[0,0],"2":[0,0],"3":[0,0],"4":[0,0],"5":[0,0],"6":[0,0],"7":[0,0],"8":[0,0],"9":[0,0],"10":[0,0],"11":[0,0],"12":[0,0],"13":[0,0],"14":[0,0],"15":[0,0],"16":[0,0]},"f":{"1":0,"2":0,"3":0,"4":0,"5":0,"6":0,"7":0},"fnMap":{"1":{"name":"initialize","line":23,"loc":{"start":{"line":15,"column":2},"end":{"line":26,"column":2}}},"2":{"name":"mintVNft","line":30,"loc":{"start":{"line":28,"column":2},"end":{"line":65,"column":2}}},"3":{"name":"checkIn","line":67,"loc":{"start":{"line":67,"column":2},"end":{"line":78,"column":2}}},"4":{"name":"getUser","line":80,"loc":{"start":{"line":80,"column":2},"end":{"line":84,"column":2}}},"5":{"name":"redeem","line":86,"loc":{"start":{"line":86,"column":2},"end":{"line":115,"column":2}}},"6":{"name":"supportsInterface","line":117,"loc":{"start":{"line":117,"column":2},"end":{"line":124,"column":2}}},"7":{"name":"tokenURI","line":126,"loc":{"start":{"line":126,"column":2},"end":{"line":150,"column":2}}}},"statementMap":{"1":{"start":{"line":24,"column":4},"end":{"line":24,"column":78}},"2":{"start":{"line":31,"column":4},"end":{"line":31,"column":47}},"3":{"start":{"line":32,"column":4},"end":{"line":32,"column":21}},"4":{"start":{"line":34,"column":4},"end":{"line":34,"column":995}},"5":{"start":{"line":35,"column":6},"end":{"line":35,"column":70}},"6":{"start":{"line":37,"column":6},"end":{"line":37,"column":1208}},"7":{"start":{"line":38,"column":8},"end":{"line":38,"column":1251}},"8":{"start":{"line":42,"column":8},"end":{"line":42,"column":78}},"9":{"start":{"line":43,"column":8},"end":{"line":43,"column":56}},"10":{"start":{"line":46,"column":8},"end":{"line":46,"column":1589}},"11":{"start":{"line":51,"column":8},"end":{"line":51,"column":75}},"12":{"start":{"line":54,"column":6},"end":{"line":54,"column":1871}},"13":{"start":{"line":59,"column":6},"end":{"line":59,"column":73}},"14":{"start":{"line":64,"column":4},"end":{"line":64,"column":66}},"15":{"start":{"line":72,"column":4},"end":{"line":72,"column":45}},"16":{"start":{"line":73,"column":4},"end":{"line":73,"column":2497}},"17":{"start":{"line":83,"column":4},"end":{"line":83,"column":54}},"18":{"start":{"line":90,"column":4},"end":{"line":90,"column":2907}},"19":{"start":{"line":94,"column":4},"end":{"line":94,"column":62}},"20":{"start":{"line":95,"column":4},"end":{"line":95,"column":50}},"21":{"start":{"line":97,"column":4},"end":{"line":97,"column":3166}},"22":{"start":{"line":98,"column":6},"end":{"line":98,"column":43}},"23":{"start":{"line":99,"column":6},"end":{"line":99,"column":70}},"24":{"start":{"line":100,"column":6},"end":{"line":100,"column":3369}},"25":{"start":{"line":106,"column":6},"end":{"line":106,"column":3511}},"26":{"start":{"line":113,"column":4},"end":{"line":113,"column":21}},"27":{"start":{"line":114,"column":4},"end":{"line":114,"column":34}},"28":{"start":{"line":120,"column":4},"end":{"line":120,"column":3854}},"29":{"start":{"line":129,"column":4},"end":{"line":129,"column":78}},"30":{"start":{"line":130,"column":4},"end":{"line":130,"column":75}},"31":{"start":{"line":131,"column":4},"end":{"line":131,"column":23}},"32":{"start":{"line":132,"column":4},"end":{"line":132,"column":28}},"33":{"start":{"line":133,"column":4},"end":{"line":133,"column":72}},"34":{"start":{"line":135,"column":4},"end":{"line":135,"column":4386}},"35":{"start":{"line":136,"column":6},"end":{"line":136,"column":70}},"36":{"start":{"line":140,"column":4},"end":{"line":140,"column":4613}},"37":{"start":{"line":148,"column":4},"end":{"line":148,"column":4921}}},"branchMap":{"1":{"line":23,"type":"if","locations":[{"start":{"line":23,"column":19},"end":{"line":23,"column":19}},{"start":{"line":23,"column":19},"end":{"line":23,"column":19}}]},"2":{"line":30,"type":"if","locations":[{"start":{"line":30,"column":28},"end":{"line":30,"column":28}},{"start":{"line":30,"column":28},"end":{"line":30,"column":28}}]},"3":{"line":31,"type":"if","locations":[{"start":{"line":31,"column":4},"end":{"line":31,"column":4}},{"start":{"line":31,"column":4},"end":{"line":31,"column":4}}]},"4":{"line":34,"type":"if","locations":[{"start":{"line":34,"column":4},"end":{"line":34,"column":4}},{"start":{"line":34,"column":4},"end":{"line":34,"column":4}}]},"5":{"line":37,"type":"if","locations":[{"start":{"line":37,"column":6},"end":{"line":37,"column":6}},{"start":{"line":37,"column":6},"end":{"line":37,"column":6}}]},"6":{"line":38,"type":"if","locations":[{"start":{"line":38,"column":8},"end":{"line":38,"column":8}},{"start":{"line":38,"column":8},"end":{"line":38,"column":8}}]},"7":{"line":46,"type":"if","locations":[{"start":{"line":46,"column":8},"end":{"line":46,"column":8}},{"start":{"line":46,"column":8},"end":{"line":46,"column":8}}]},"8":{"line":54,"type":"if","locations":[{"start":{"line":54,"column":6},"end":{"line":54,"column":6}},{"start":{"line":54,"column":6},"end":{"line":54,"column":6}}]},"9":{"line":90,"type":"if","locations":[{"start":{"line":90,"column":4},"end":{"line":90,"column":4}},{"start":{"line":90,"column":4},"end":{"line":90,"column":4}}]},"10":{"line":94,"type":"if","locations":[{"start":{"line":94,"column":4},"end":{"line":94,"column":4}},{"start":{"line":94,"column":4},"end":{"line":94,"column":4}}]},"11":{"line":97,"type":"if","locations":[{"start":{"line":97,"column":4},"end":{"line":97,"column":4}},{"start":{"line":97,"column":4},"end":{"line":97,"column":4}}]},"12":{"line":121,"type":"cond-expr","locations":[{"start":{"line":121,"column":6},"end":{"line":121,"column":51}},{"start":{"line":122,"column":6},"end":{"line":122,"column":46}}]},"13":{"line":121,"type":"cond-expr","locations":[{"start":{"line":121,"column":6},"end":{"line":122,"column":46}},{"start":{"line":123,"column":6},"end":{"line":123,"column":41}}]},"14":{"line":129,"type":"if","locations":[{"start":{"line":129,"column":4},"end":{"line":129,"column":4}},{"start":{"line":129,"column":4},"end":{"line":129,"column":4}}]},"15":{"line":135,"type":"if","locations":[{"start":{"line":135,"column":4},"end":{"line":135,"column":4}},{"start":{"line":135,"column":4},"end":{"line":135,"column":4}}]},"16":{"line":140,"type":"if","locations":[{"start":{"line":140,"column":4},"end":{"line":140,"column":4}},{"start":{"line":140,"column":4},"end":{"line":140,"column":4}}]}}},"contracts\\dcl\\DCL.sol":{"l":{},"path":"C:\\Users\\thoma\\Alyra\\double\\double-contract\\contracts\\dcl\\DCL.sol","s":{},"b":{},"f":{},"fnMap":{},"statementMap":{},"branchMap":{}},"contracts\\dcl\\DclDoNFT.sol":{"l":{"12":0,"20":0,"21":0},"path":"C:\\Users\\thoma\\Alyra\\double\\double-contract\\contracts\\dcl\\DclDoNFT.sol","s":{"1":0,"2":0,"3":0},"b":{},"f":{"1":0,"2":0},"fnMap":{"1":{"name":"getUser","line":9,"loc":{"start":{"line":9,"column":2},"end":{"line":13,"column":2}}},"2":{"name":"setUser","line":15,"loc":{"start":{"line":15,"column":2},"end":{"line":22,"column":2}}}},"statementMap":{"1":{"start":{"line":12,"column":4},"end":{"line":12,"column":57}},"2":{"start":{"line":20,"column":4},"end":{"line":20,"column":36}},"3":{"start":{"line":21,"column":4},"end":{"line":21,"column":47}}},"branchMap":{}},"contracts\\dcl\\IDCL.sol":{"l":{},"path":"C:\\Users\\thoma\\Alyra\\double\\double-contract\\contracts\\dcl\\IDCL.sol","s":{},"b":{},"f":{},"fnMap":{},"statementMap":{},"branchMap":{}},"contracts\\DoNFTFactory.sol":{"l":{"41":0,"42":0,"43":0,"50":0,"51":0,"63":0,"67":0,"71":0,"81":0,"82":0,"83":0,"99":0,"103":0,"108":0,"109":0,"121":0},"path":"C:\\Users\\thoma\\Alyra\\double\\double-contract\\contracts\\DoNFTFactory.sol","s":{"1":0,"2":0,"3":0,"4":0,"5":0,"6":0,"7":0,"8":0,"9":0},"b":{"1":[0,0],"2":[0,0],"3":[0,0],"4":[0,0],"5":[0,0]},"f":{"1":0,"2":0,"3":0,"4":0,"5":0},"fnMap":{"1":{"name":"constructor","line":35,"loc":{"start":{"line":35,"column":2},"end":{"line":44,"column":2}}},"2":{"name":"setBeaconAndMarket","line":49,"loc":{"start":{"line":46,"column":2},"end":{"line":52,"column":2}}},"3":{"name":"deployDoNFT","line":54,"loc":{"start":{"line":54,"column":2},"end":{"line":92,"column":2}}},"4":{"name":"deployWrapNFT","line":94,"loc":{"start":{"line":94,"column":2},"end":{"line":115,"column":2}}},"5":{"name":"getDoNFT","line":117,"loc":{"start":{"line":117,"column":2},"end":{"line":122,"column":2}}}},"statementMap":{"1":{"start":{"line":41,"column":4},"end":{"line":41,"column":38}},"2":{"start":{"line":63,"column":4},"end":{"line":63,"column":1497}},"3":{"start":{"line":67,"column":4},"end":{"line":67,"column":1636}},"4":{"start":{"line":71,"column":4},"end":{"line":71,"column":1746}},"5":{"start":{"line":83,"column":4},"end":{"line":83,"column":2105}},"6":{"start":{"line":99,"column":4},"end":{"line":99,"column":2427}},"7":{"start":{"line":103,"column":4},"end":{"line":103,"column":2547}},"8":{"start":{"line":109,"column":4},"end":{"line":109,"column":2759}},"9":{"start":{"line":121,"column":4},"end":{"line":121,"column":44}}},"branchMap":{"1":{"line":49,"type":"if","locations":[{"start":{"line":49,"column":11},"end":{"line":49,"column":11}},{"start":{"line":49,"column":11},"end":{"line":49,"column":11}}]},"2":{"line":63,"type":"if","locations":[{"start":{"line":63,"column":4},"end":{"line":63,"column":4}},{"start":{"line":63,"column":4},"end":{"line":63,"column":4}}]},"3":{"line":67,"type":"if","locations":[{"start":{"line":67,"column":4},"end":{"line":67,"column":4}},{"start":{"line":67,"column":4},"end":{"line":67,"column":4}}]},"4":{"line":99,"type":"if","locations":[{"start":{"line":99,"column":4},"end":{"line":99,"column":4}},{"start":{"line":99,"column":4},"end":{"line":99,"column":4}}]},"5":{"line":103,"type":"if","locations":[{"start":{"line":103,"column":4},"end":{"line":103,"column":4}},{"start":{"line":103,"column":4},"end":{"line":103,"column":4}}]}}},"contracts\\DoubleSVG.sol":{"l":{"15":0,"17":0,"19":0,"21":0,"23":0,"52":0,"60":0,"61":0,"62":0,"63":0,"65":0,"75":0,"81":0,"83":0,"84":0,"85":0,"86":0,"87":0,"88":0,"89":0,"90":0,"91":0,"92":0,"94":0,"95":0,"96":0,"107":0,"131":0,"132":0,"133":0,"134":0,"135":0,"136":0,"143":0,"144":0,"146":0,"147":0,"148":0,"149":0,"150":0,"152":0,"153":0,"154":0,"155":0,"156":0,"158":0,"166":0,"167":0,"169":0,"170":0,"172":0,"174":0,"175":0,"176":0,"178":0,"197":0,"205":0,"206":0,"207":0,"209":0,"210":0,"211":0,"213":0,"214":0,"215":0,"217":0,"218":0,"219":0,"221":0,"222":0,"223":0,"225":0,"250":0,"253":0,"255":0,"281":0,"282":0,"287":0},"path":"C:\\Users\\thoma\\Alyra\\double\\double-contract\\contracts\\DoubleSVG.sol","s":{"1":0,"2":0,"3":0,"4":0,"5":0,"6":0,"7":0,"8":0,"9":0,"10":0,"11":0,"12":0,"13":0,"14":0,"15":0,"16":0,"17":0,"18":0,"19":0,"20":0,"21":0,"22":0,"23":0,"24":0,"25":0,"26":0,"27":0,"28":0,"29":0,"30":0,"31":0,"32":0,"33":0,"34":0,"35":0,"36":0,"37":0,"38":0,"39":0,"40":0,"41":0,"42":0,"43":0,"44":0,"45":0,"46":0,"47":0,"48":0,"49":0},"b":{"1":[0,0],"2":[0,0],"3":[0,0],"4":[0,0],"5":[0,0],"6":[0,0],"7":[0,0],"8":[0,0],"9":[0,0],"10":[0,0],"11":[0,0]},"f":{"1":0,"2":0,"3":0,"4":0,"5":0,"6":0,"7":0,"8":0,"9":0,"10":0},"fnMap":{"1":{"name":"encode","line":14,"loc":{"start":{"line":14,"column":2},"end":{"line":53,"column":2}}},"2":{"name":"_daysFromDate","line":55,"loc":{"start":{"line":55,"column":2},"end":{"line":76,"column":2}}},"3":{"name":"_daysToDate","line":78,"loc":{"start":{"line":78,"column":2},"end":{"line":97,"column":2}}},"4":{"name":"timestampFromDateTime","line":99,"loc":{"start":{"line":99,"column":2},"end":{"line":115,"column":2}}},"5":{"name":"timestampToDateTime","line":117,"loc":{"start":{"line":117,"column":2},"end":{"line":137,"column":2}}},"6":{"name":"toString","line":142,"loc":{"start":{"line":142,"column":2},"end":{"line":159,"column":2}}},"7":{"name":"generateImage","line":161,"loc":{"start":{"line":161,"column":2},"end":{"line":194,"column":2}}},"8":{"name":"formatDate","line":196,"loc":{"start":{"line":196,"column":2},"end":{"line":241,"column":2}}},"9":{"name":"genTokenURI","line":243,"loc":{"start":{"line":243,"column":2},"end":{"line":278,"column":2}}},"10":{"name":"configTime","line":280,"loc":{"start":{"line":280,"column":2},"end":{"line":296,"column":2}}}},"statementMap":{"1":{"start":{"line":15,"column":4},"end":{"line":15,"column":35}},"2":{"start":{"line":15,"column":26},"end":{"line":15,"column":35}},"3":{"start":{"line":17,"column":4},"end":{"line":17,"column":38}},"4":{"start":{"line":19,"column":4},"end":{"line":19,"column":52}},"5":{"start":{"line":21,"column":4},"end":{"line":21,"column":54}},"6":{"start":{"line":52,"column":4},"end":{"line":52,"column":17}},"7":{"start":{"line":60,"column":4},"end":{"line":60,"column":24}},"8":{"start":{"line":61,"column":4},"end":{"line":61,"column":31}},"9":{"start":{"line":62,"column":4},"end":{"line":62,"column":33}},"10":{"start":{"line":63,"column":4},"end":{"line":63,"column":29}},"11":{"start":{"line":65,"column":4},"end":{"line":65,"column":1968}},"12":{"start":{"line":81,"column":4},"end":{"line":81,"column":33}},"13":{"start":{"line":83,"column":4},"end":{"line":83,"column":46}},"14":{"start":{"line":84,"column":4},"end":{"line":84,"column":31}},"15":{"start":{"line":86,"column":4},"end":{"line":86,"column":45}},"16":{"start":{"line":88,"column":4},"end":{"line":88,"column":35}},"17":{"start":{"line":89,"column":4},"end":{"line":89,"column":42}},"18":{"start":{"line":132,"column":4},"end":{"line":132,"column":46}},"19":{"start":{"line":143,"column":4},"end":{"line":143,"column":3973}},"20":{"start":{"line":144,"column":6},"end":{"line":144,"column":16}},"21":{"start":{"line":146,"column":4},"end":{"line":146,"column":24}},"22":{"start":{"line":147,"column":4},"end":{"line":147,"column":18}},"23":{"start":{"line":148,"column":4},"end":{"line":148,"column":4070}},"24":{"start":{"line":152,"column":4},"end":{"line":152,"column":43}},"25":{"start":{"line":153,"column":4},"end":{"line":153,"column":4184}},"26":{"start":{"line":158,"column":4},"end":{"line":158,"column":25}},"27":{"start":{"line":166,"column":4},"end":{"line":166,"column":39}},"28":{"start":{"line":167,"column":4},"end":{"line":167,"column":37}},"29":{"start":{"line":169,"column":4},"end":{"line":169,"column":4576}},"30":{"start":{"line":174,"column":4},"end":{"line":174,"column":41}},"31":{"start":{"line":175,"column":4},"end":{"line":175,"column":4733}},"32":{"start":{"line":178,"column":4},"end":{"line":178,"column":4815}},"33":{"start":{"line":197,"column":4},"end":{"line":197,"column":9154}},"34":{"start":{"line":205,"column":4},"end":{"line":205,"column":44}},"35":{"start":{"line":206,"column":4},"end":{"line":206,"column":9344}},"36":{"start":{"line":209,"column":4},"end":{"line":209,"column":40}},"37":{"start":{"line":210,"column":4},"end":{"line":210,"column":9476}},"38":{"start":{"line":213,"column":4},"end":{"line":213,"column":42}},"39":{"start":{"line":214,"column":4},"end":{"line":214,"column":9604}},"40":{"start":{"line":217,"column":4},"end":{"line":217,"column":46}},"41":{"start":{"line":218,"column":4},"end":{"line":218,"column":9739}},"42":{"start":{"line":221,"column":4},"end":{"line":221,"column":46}},"43":{"start":{"line":222,"column":4},"end":{"line":222,"column":9880}},"44":{"start":{"line":225,"column":4},"end":{"line":225,"column":9975}},"45":{"start":{"line":250,"column":4},"end":{"line":250,"column":10456}},"46":{"start":{"line":255,"column":4},"end":{"line":255,"column":10628}},"47":{"start":{"line":281,"column":4},"end":{"line":281,"column":11382}},"48":{"start":{"line":282,"column":6},"end":{"line":282,"column":11426}},"49":{"start":{"line":287,"column":6},"end":{"line":287,"column":11561}}},"branchMap":{"1":{"line":15,"type":"if","locations":[{"start":{"line":15,"column":4},"end":{"line":15,"column":4}},{"start":{"line":15,"column":4},"end":{"line":15,"column":4}}]},"2":{"line":60,"type":"if","locations":[{"start":{"line":60,"column":4},"end":{"line":60,"column":4}},{"start":{"line":60,"column":4},"end":{"line":60,"column":4}}]},"3":{"line":143,"type":"if","locations":[{"start":{"line":143,"column":4},"end":{"line":143,"column":4}},{"start":{"line":143,"column":4},"end":{"line":143,"column":4}}]},"4":{"line":169,"type":"if","locations":[{"start":{"line":169,"column":4},"end":{"line":169,"column":4}},{"start":{"line":169,"column":4},"end":{"line":169,"column":4}}]},"5":{"line":175,"type":"if","locations":[{"start":{"line":175,"column":4},"end":{"line":175,"column":4}},{"start":{"line":175,"column":4},"end":{"line":175,"column":4}}]},"6":{"line":206,"type":"if","locations":[{"start":{"line":206,"column":4},"end":{"line":206,"column":4}},{"start":{"line":206,"column":4},"end":{"line":206,"column":4}}]},"7":{"line":210,"type":"if","locations":[{"start":{"line":210,"column":4},"end":{"line":210,"column":4}},{"start":{"line":210,"column":4},"end":{"line":210,"column":4}}]},"8":{"line":214,"type":"if","locations":[{"start":{"line":214,"column":4},"end":{"line":214,"column":4}},{"start":{"line":214,"column":4},"end":{"line":214,"column":4}}]},"9":{"line":218,"type":"if","locations":[{"start":{"line":218,"column":4},"end":{"line":218,"column":4}},{"start":{"line":218,"column":4},"end":{"line":218,"column":4}}]},"10":{"line":222,"type":"if","locations":[{"start":{"line":222,"column":4},"end":{"line":222,"column":4}},{"start":{"line":222,"column":4},"end":{"line":222,"column":4}}]},"11":{"line":281,"type":"if","locations":[{"start":{"line":281,"column":4},"end":{"line":281,"column":4}},{"start":{"line":281,"column":4},"end":{"line":281,"column":4}}]}}},"contracts\\dualRoles\\ERC4907.sol":{"l":{"25":0,"26":0,"41":0,"45":0,"46":0,"47":0,"48":0,"56":0,"57":0,"59":0,"68":0,"75":0,"85":0,"87":0,"88":0,"89":0,"90":0,"93":0},"path":"C:\\Users\\thoma\\Alyra\\double\\double-contract\\contracts\\dualRoles\\ERC4907.sol","s":{"1":0,"2":0,"3":0,"4":0,"5":0,"6":0,"7":0,"8":0,"9":0,"10":0,"11":0,"12":0,"13":0,"14":0},"b":{"1":[0,0],"2":[0,0],"3":[0,0],"4":[0,0],"5":[0,0],"6":[0,0]},"f":{"1":0,"2":0,"3":0,"4":0,"5":0,"6":0,"7":0},"fnMap":{"1":{"name":"constructor","line":18,"loc":{"start":{"line":15,"column":2},"end":{"line":18,"column":28}}},"2":{"name":"_isApprovedOrOwner","line":20,"loc":{"start":{"line":20,"column":2},"end":{"line":29,"column":2}}},"3":{"name":"setUser","line":36,"loc":{"start":{"line":36,"column":2},"end":{"line":49,"column":2}}},"4":{"name":"userOf","line":55,"loc":{"start":{"line":55,"column":2},"end":{"line":61,"column":2}}},"5":{"name":"userExpires","line":67,"loc":{"start":{"line":67,"column":2},"end":{"line":69,"column":2}}},"6":{"name":"supportsInterface","line":72,"loc":{"start":{"line":72,"column":2},"end":{"line":78,"column":2}}},"7":{"name":"_update","line":80,"loc":{"start":{"line":80,"column":2},"end":{"line":94,"column":2}}}},"statementMap":{"1":{"start":{"line":25,"column":4},"end":{"line":25,"column":36}},"2":{"start":{"line":26,"column":4},"end":{"line":26,"column":747}},"3":{"start":{"line":41,"column":4},"end":{"line":41,"column":1218}},"4":{"start":{"line":45,"column":4},"end":{"line":45,"column":43}},"5":{"start":{"line":48,"column":4},"end":{"line":48,"column":43}},"6":{"start":{"line":56,"column":4},"end":{"line":56,"column":1809}},"7":{"start":{"line":57,"column":6},"end":{"line":57,"column":33}},"8":{"start":{"line":59,"column":6},"end":{"line":59,"column":23}},"9":{"start":{"line":68,"column":4},"end":{"line":68,"column":34}},"10":{"start":{"line":75,"column":4},"end":{"line":75,"column":2485}},"11":{"start":{"line":85,"column":4},"end":{"line":85,"column":51}},"12":{"start":{"line":87,"column":4},"end":{"line":87,"column":2748}},"13":{"start":{"line":90,"column":6},"end":{"line":90,"column":45}},"14":{"start":{"line":93,"column":4},"end":{"line":93,"column":15}}},"branchMap":{"1":{"line":26,"type":"cond-expr","locations":[{"start":{"line":26,"column":12},"end":{"line":26,"column":27}},{"start":{"line":27,"column":6},"end":{"line":27,"column":36}}]},"2":{"line":26,"type":"cond-expr","locations":[{"start":{"line":26,"column":12},"end":{"line":27,"column":36}},{"start":{"line":28,"column":6},"end":{"line":28,"column":37}}]},"3":{"line":41,"type":"if","locations":[{"start":{"line":41,"column":4},"end":{"line":41,"column":4}},{"start":{"line":41,"column":4},"end":{"line":41,"column":4}}]},"4":{"line":56,"type":"if","locations":[{"start":{"line":56,"column":4},"end":{"line":56,"column":4}},{"start":{"line":56,"column":4},"end":{"line":56,"column":4}}]},"5":{"line":76,"type":"cond-expr","locations":[{"start":{"line":76,"column":6},"end":{"line":76,"column":46}},{"start":{"line":77,"column":6},"end":{"line":77,"column":41}}]},"6":{"line":87,"type":"if","locations":[{"start":{"line":87,"column":4},"end":{"line":87,"column":4}},{"start":{"line":87,"column":4},"end":{"line":87,"column":4}}]}}},"contracts\\dualRoles\\IERC4907.sol":{"l":{},"path":"C:\\Users\\thoma\\Alyra\\double\\double-contract\\contracts\\dualRoles\\IERC4907.sol","s":{},"b":{},"f":{},"fnMap":{},"statementMap":{},"branchMap":{}},"contracts\\dualRoles\\wrap\\IWrapNFT.sol":{"l":{},"path":"C:\\Users\\thoma\\Alyra\\double\\double-contract\\contracts\\dualRoles\\wrap\\IWrapNFT.sol","s":{},"b":{},"f":{},"fnMap":{},"statementMap":{},"branchMap":{}},"contracts\\dualRoles\\wrap\\WrapERC721DualRole.sol":{"l":{"17":0,"18":0,"22":0,"26":0,"30":0,"34":0,"35":0,"40":0,"41":0,"42":0,"46":0,"50":0,"55":0,"56":0,"64":0,"65":0,"69":0,"77":0,"78":0,"79":0,"86":0,"95":0,"96":0,"103":0},"path":"C:\\Users\\thoma\\Alyra\\double\\double-contract\\contracts\\dualRoles\\wrap\\WrapERC721DualRole.sol","s":{"1":0,"2":0,"3":0,"4":0,"5":0,"6":0,"7":0,"8":0,"9":0,"10":0,"11":0,"12":0,"13":0,"14":0,"15":0,"16":0,"17":0,"18":0,"19":0,"20":0,"21":0},"b":{"1":[0,0],"2":[0,0],"3":[0,0],"4":[0,0],"5":[0,0],"6":[0,0],"7":[0,0],"8":[0,0],"9":[0,0],"10":[0,0]},"f":{"1":0,"2":0,"3":0,"4":0,"5":0,"6":0,"7":0,"8":0,"9":0},"fnMap":{"1":{"name":"constructor","line":16,"loc":{"start":{"line":12,"column":2},"end":{"line":23,"column":2}}},"2":{"name":"originalAddress","line":25,"loc":{"start":{"line":25,"column":2},"end":{"line":27,"column":2}}},"3":{"name":"stake","line":29,"loc":{"start":{"line":29,"column":2},"end":{"line":43,"column":2}}},"4":{"name":"redeem","line":45,"loc":{"start":{"line":45,"column":2},"end":{"line":57,"column":2}}},"5":{"name":"onlyApprovedOrOwner","line":59,"loc":{"start":{"line":59,"column":2},"end":{"line":72,"column":2}}},"6":{"name":"originalOwnerOf","line":74,"loc":{"start":{"line":74,"column":2},"end":{"line":81,"column":2}}},"7":{"name":"tokenURI","line":83,"loc":{"start":{"line":83,"column":2},"end":{"line":87,"column":2}}},"8":{"name":"onERC721Received","line":89,"loc":{"start":{"line":89,"column":2},"end":{"line":97,"column":2}}},"9":{"name":"supportsInterface","line":100,"loc":{"start":{"line":100,"column":2},"end":{"line":107,"column":2}}}},"statementMap":{"1":{"start":{"line":17,"column":4},"end":{"line":17,"column":60}},"2":{"start":{"line":18,"column":4},"end":{"line":18,"column":446}},"3":{"start":{"line":26,"column":4},"end":{"line":26,"column":27}},"4":{"start":{"line":30,"column":4},"end":{"line":30,"column":777}},"5":{"start":{"line":34,"column":4},"end":{"line":34,"column":65}},"6":{"start":{"line":35,"column":4},"end":{"line":35,"column":966}},"7":{"start":{"line":40,"column":4},"end":{"line":40,"column":28}},"8":{"start":{"line":41,"column":4},"end":{"line":41,"column":53}},"9":{"start":{"line":42,"column":4},"end":{"line":42,"column":18}},"10":{"start":{"line":46,"column":4},"end":{"line":46,"column":1238}},"11":{"start":{"line":50,"column":4},"end":{"line":50,"column":1369}},"12":{"start":{"line":55,"column":4},"end":{"line":55,"column":17}},"13":{"start":{"line":56,"column":4},"end":{"line":56,"column":54}},"14":{"start":{"line":64,"column":4},"end":{"line":64,"column":55}},"15":{"start":{"line":65,"column":4},"end":{"line":65,"column":1767}},"16":{"start":{"line":69,"column":4},"end":{"line":69,"column":1925}},"17":{"start":{"line":78,"column":4},"end":{"line":78,"column":2190}},"18":{"start":{"line":86,"column":4},"end":{"line":86,"column":53}},"19":{"start":{"line":95,"column":4},"end":{"line":95,"column":32}},"20":{"start":{"line":96,"column":4},"end":{"line":96,"column":19}},"21":{"start":{"line":103,"column":4},"end":{"line":103,"column":2865}}},"branchMap":{"1":{"line":17,"type":"if","locations":[{"start":{"line":17,"column":4},"end":{"line":17,"column":4}},{"start":{"line":17,"column":4},"end":{"line":17,"column":4}}]},"2":{"line":18,"type":"if","locations":[{"start":{"line":18,"column":4},"end":{"line":18,"column":4}},{"start":{"line":18,"column":4},"end":{"line":18,"column":4}}]},"3":{"line":30,"type":"if","locations":[{"start":{"line":30,"column":4},"end":{"line":30,"column":4}},{"start":{"line":30,"column":4},"end":{"line":30,"column":4}}]},"4":{"line":46,"type":"if","locations":[{"start":{"line":46,"column":4},"end":{"line":46,"column":4}},{"start":{"line":46,"column":4},"end":{"line":46,"column":4}}]},"5":{"line":65,"type":"if","locations":[{"start":{"line":65,"column":4},"end":{"line":65,"column":4}},{"start":{"line":65,"column":4},"end":{"line":65,"column":4}}]},"6":{"line":69,"type":"cond-expr","locations":[{"start":{"line":69,"column":12},"end":{"line":69,"column":27}},{"start":{"line":70,"column":6},"end":{"line":70,"column":55}}]},"7":{"line":69,"type":"cond-expr","locations":[{"start":{"line":69,"column":12},"end":{"line":70,"column":55}},{"start":{"line":71,"column":6},"end":{"line":71,"column":56}}]},"8":{"line":78,"type":"if","locations":[{"start":{"line":78,"column":4},"end":{"line":78,"column":4}},{"start":{"line":78,"column":4},"end":{"line":78,"column":4}}]},"9":{"line":104,"type":"cond-expr","locations":[{"start":{"line":104,"column":6},"end":{"line":104,"column":46}},{"start":{"line":105,"column":6},"end":{"line":105,"column":46}}]},"10":{"line":104,"type":"cond-expr","locations":[{"start":{"line":104,"column":6},"end":{"line":105,"column":46}},{"start":{"line":106,"column":6},"end":{"line":106,"column":41}}]}}},"contracts\\ens\\BaseRegistrar.sol":{"l":{},"path":"C:\\Users\\thoma\\Alyra\\double\\double-contract\\contracts\\ens\\BaseRegistrar.sol","s":{},"b":{},"f":{},"fnMap":{},"statementMap":{},"branchMap":{}},"contracts\\ens\\ENS.sol":{"l":{},"path":"C:\\Users\\thoma\\Alyra\\double\\double-contract\\contracts\\ens\\ENS.sol","s":{},"b":{},"f":{},"fnMap":{},"statementMap":{},"branchMap":{}},"contracts\\ens\\ENSDoNFT.sol":{"l":{"25":0,"34":0,"40":0,"41":0,"46":0,"47":0,"48":0,"49":0,"53":0,"54":0,"55":0,"58":0,"59":0,"60":0,"66":0,"68":0,"69":0,"70":0,"78":0,"79":0,"86":0,"87":0,"88":0,"89":0,"90":0,"92":0,"93":0,"94":0,"98":0,"99":0,"100":0,"103":0},"path":"C:\\Users\\thoma\\Alyra\\double\\double-contract\\contracts\\ens\\ENSDoNFT.sol","s":{"1":0,"2":0,"3":0,"4":0,"5":0,"6":0,"7":0,"8":0,"9":0,"10":0,"11":0,"12":0,"13":0,"14":0,"15":0,"16":0,"17":0,"18":0,"19":0,"20":0,"21":0,"22":0,"23":0,"24":0,"25":0,"26":0},"b":{"1":[0,0],"2":[0,0],"3":[0,0],"4":[0,0],"5":[0,0],"6":[0,0],"7":[0,0],"8":[0,0],"9":[0,0],"10":[0,0]},"f":{"1":0,"2":0,"3":0,"4":0,"5":0},"fnMap":{"1":{"name":"initializeENS","line":24,"loc":{"start":{"line":15,"column":2},"end":{"line":35,"column":2}}},"2":{"name":"mintVNft","line":39,"loc":{"start":{"line":37,"column":2},"end":{"line":61,"column":2}}},"3":{"name":"getUser","line":63,"loc":{"start":{"line":63,"column":2},"end":{"line":71,"column":2}}},"4":{"name":"setUser","line":73,"loc":{"start":{"line":73,"column":2},"end":{"line":80,"column":2}}},"5":{"name":"couldRedeem","line":82,"loc":{"start":{"line":82,"column":2},"end":{"line":104,"column":2}}}},"statementMap":{"1":{"start":{"line":25,"column":4},"end":{"line":25,"column":689}},"2":{"start":{"line":40,"column":4},"end":{"line":40,"column":47}},"3":{"start":{"line":41,"column":4},"end":{"line":41,"column":1022}},"4":{"start":{"line":46,"column":4},"end":{"line":46,"column":1136}},"5":{"start":{"line":47,"column":6},"end":{"line":47,"column":61}},"6":{"start":{"line":48,"column":6},"end":{"line":48,"column":1234}},"7":{"start":{"line":49,"column":8},"end":{"line":49,"column":30}},"8":{"start":{"line":53,"column":4},"end":{"line":53,"column":57}},"9":{"start":{"line":54,"column":4},"end":{"line":54,"column":71}},"10":{"start":{"line":55,"column":4},"end":{"line":55,"column":1455}},"11":{"start":{"line":66,"column":4},"end":{"line":66,"column":89}},"12":{"start":{"line":68,"column":4},"end":{"line":68,"column":42}},"13":{"start":{"line":69,"column":4},"end":{"line":69,"column":66}},"14":{"start":{"line":70,"column":4},"end":{"line":70,"column":29}},"15":{"start":{"line":78,"column":4},"end":{"line":78,"column":36}},"16":{"start":{"line":79,"column":4},"end":{"line":79,"column":46}},"17":{"start":{"line":86,"column":4},"end":{"line":86,"column":39}},"18":{"start":{"line":87,"column":4},"end":{"line":87,"column":50}},"19":{"start":{"line":88,"column":4},"end":{"line":88,"column":63}},"20":{"start":{"line":89,"column":4},"end":{"line":89,"column":2527}},"21":{"start":{"line":90,"column":6},"end":{"line":90,"column":18}},"22":{"start":{"line":92,"column":4},"end":{"line":92,"column":37}},"23":{"start":{"line":93,"column":4},"end":{"line":93,"column":2640}},"24":{"start":{"line":94,"column":6},"end":{"line":94,"column":2712}},"25":{"start":{"line":99,"column":6},"end":{"line":99,"column":2920}},"26":{"start":{"line":103,"column":4},"end":{"line":103,"column":47}}},"branchMap":{"1":{"line":24,"type":"if","locations":[{"start":{"line":24,"column":19},"end":{"line":24,"column":19}},{"start":{"line":24,"column":19},"end":{"line":24,"column":19}}]},"2":{"line":39,"type":"if","locations":[{"start":{"line":39,"column":28},"end":{"line":39,"column":28}},{"start":{"line":39,"column":28},"end":{"line":39,"column":28}}]},"3":{"line":40,"type":"if","locations":[{"start":{"line":40,"column":4},"end":{"line":40,"column":4}},{"start":{"line":40,"column":4},"end":{"line":40,"column":4}}]},"4":{"line":41,"type":"if","locations":[{"start":{"line":41,"column":4},"end":{"line":41,"column":4}},{"start":{"line":41,"column":4},"end":{"line":41,"column":4}}]},"5":{"line":46,"type":"if","locations":[{"start":{"line":46,"column":4},"end":{"line":46,"column":4}},{"start":{"line":46,"column":4},"end":{"line":46,"column":4}}]},"6":{"line":48,"type":"if","locations":[{"start":{"line":48,"column":6},"end":{"line":48,"column":6}},{"start":{"line":48,"column":6},"end":{"line":48,"column":6}}]},"7":{"line":86,"type":"if","locations":[{"start":{"line":86,"column":4},"end":{"line":86,"column":4}},{"start":{"line":86,"column":4},"end":{"line":86,"column":4}}]},"8":{"line":89,"type":"if","locations":[{"start":{"line":89,"column":4},"end":{"line":89,"column":4}},{"start":{"line":89,"column":4},"end":{"line":89,"column":4}}]},"9":{"line":94,"type":"if","locations":[{"start":{"line":94,"column":6},"end":{"line":94,"column":6}},{"start":{"line":94,"column":6},"end":{"line":94,"column":6}}]},"10":{"line":99,"type":"if","locations":[{"start":{"line":99,"column":6},"end":{"line":99,"column":6}},{"start":{"line":99,"column":6},"end":{"line":99,"column":6}}]}}},"contracts\\IBaseDoNFT.sol":{"l":{},"path":"C:\\Users\\thoma\\Alyra\\double\\double-contract\\contracts\\IBaseDoNFT.sol","s":{},"b":{},"f":{},"fnMap":{},"statementMap":{},"branchMap":{}},"contracts\\IComplexDoNFT.sol":{"l":{},"path":"C:\\Users\\thoma\\Alyra\\double\\double-contract\\contracts\\IComplexDoNFT.sol","s":{},"b":{},"f":{},"fnMap":{},"statementMap":{},"branchMap":{}},"contracts\\IDoubleSVG.sol":{"l":{},"path":"C:\\Users\\thoma\\Alyra\\double\\double-contract\\contracts\\IDoubleSVG.sol","s":{},"b":{},"f":{},"fnMap":{},"statementMap":{},"branchMap":{}},"contracts\\IWrapDoNFT.sol":{"l":{},"path":"C:\\Users\\thoma\\Alyra\\double\\double-contract\\contracts\\IWrapDoNFT.sol","s":{},"b":{},"f":{},"fnMap":{},"statementMap":{},"branchMap":{}},"contracts\\market\\IMarket.sol":{"l":{},"path":"C:\\Users\\thoma\\Alyra\\double\\double-contract\\contracts\\market\\IMarket.sol","s":{},"b":{},"f":{},"fnMap":{},"statementMap":{},"branchMap":{}},"contracts\\market\\Market.sol":{"l":{"28":0,"29":0,"30":0,"31":0,"39":0,"40":0,"49":0,"50":0,"61":0,"62":0,"82":0,"83":0,"100":0,"101":0,"102":0,"103":0,"104":0,"105":0,"107":0,"110":0,"112":0,"113":0,"124":0,"125":0,"129":0,"152":0,"153":0,"157":0,"181":0,"182":0,"183":0,"187":0,"191":0,"192":0,"193":0,"195":0,"196":0,"199":0,"200":0,"201":0,"202":0,"203":0,"204":0,"205":0,"206":0,"207":0,"208":0,"209":0,"211":0,"228":0,"229":0,"230":0,"231":0,"232":0,"239":0,"246":0,"253":0,"263":0,"264":0,"265":0,"266":0,"271":0,"272":0,"273":0,"275":0,"276":0,"277":0,"279":0,"280":0,"281":0,"283":0,"284":0,"292":0,"293":0,"320":0,"321":0,"322":0,"323":0,"324":0,"326":0,"327":0,"329":0,"330":0,"331":0,"335":0,"336":0,"339":0,"340":0,"346":0,"347":0,"351":0,"360":0,"361":0,"365":0,"369":0,"375":0,"376":0,"377":0,"378":0,"379":0,"380":0,"382":0,"388":0,"397":0,"404":0,"405":0,"406":0,"407":0,"408":0,"409":0,"410":0,"412":0,"418":0,"427":0,"428":0,"429":0,"431":0,"438":0,"439":0,"440":0,"442":0,"447":0,"453":0,"454":0,"455":0,"456":0,"457":0,"460":0},"path":"C:\\Users\\thoma\\Alyra\\double\\double-contract\\contracts\\market\\Market.sol","s":{"1":0,"2":0,"3":0,"4":0,"5":0,"6":0,"7":0,"8":0,"9":0,"10":0,"11":0,"12":0,"13":0,"14":0,"15":0,"16":0,"17":0,"18":0,"19":0,"20":0,"21":0,"22":0,"23":0,"24":0,"25":0,"26":0,"27":0,"28":0,"29":0,"30":0,"31":0,"32":0,"33":0,"34":0,"35":0,"36":0,"37":0,"38":0,"39":0,"40":0,"41":0,"42":0,"43":0,"44":0,"45":0,"46":0,"47":0,"48":0,"49":0,"50":0,"51":0,"52":0,"53":0,"54":0,"55":0,"56":0,"57":0,"58":0,"59":0,"60":0,"61":0,"62":0,"63":0,"64":0,"65":0,"66":0,"67":0,"68":0,"69":0,"70":0,"71":0,"72":0,"73":0,"74":0,"75":0,"76":0,"77":0,"78":0,"79":0,"80":0,"81":0,"82":0,"83":0,"84":0,"85":0,"86":0,"87":0,"88":0,"89":0},"b":{"1":[0,0],"2":[0,0],"3":[0,0],"4":[0,0],"5":[0,0],"6":[0,0],"7":[0,0],"8":[0,0],"9":[0,0],"10":[0,0],"11":[0,0],"12":[0,0],"13":[0,0],"14":[0,0],"15":[0,0],"16":[0,0],"17":[0,0],"18":[0,0],"19":[0,0],"20":[0,0],"21":[0,0],"22":[0,0],"23":[0,0],"24":[0,0],"25":[0,0],"26":[0,0],"27":[0,0],"28":[0,0],"29":[0,0],"30":[0,0],"31":[0,0],"32":[0,0],"33":[0,0],"34":[0,0],"35":[0,0],"36":[0,0],"37":[0,0],"38":[0,0],"39":[0,0],"40":[0,0],"41":[0,0],"42":[0,0],"43":[0,0],"44":[0,0],"45":[0,0],"46":[0,0],"47":[0,0],"48":[0,0],"49":[0,0]},"f":{"1":0,"2":0,"3":0,"4":0,"5":0,"6":0,"7":0,"8":0,"9":0,"10":0,"11":0,"12":0,"13":0,"14":0,"15":0,"16":0,"17":0,"18":0,"19":0,"20":0,"21":0,"22":0,"23":0,"24":0,"25":0},"fnMap":{"1":{"name":"initialize","line":27,"loc":{"start":{"line":27,"column":2},"end":{"line":32,"column":2}}},"2":{"name":"onlyApprovedOrOwner","line":34,"loc":{"start":{"line":34,"column":2},"end":{"line":46,"column":2}}},"3":{"name":"whenNotPaused","line":48,"loc":{"start":{"line":48,"column":2},"end":{"line":51,"column":2}}},"4":{"name":"mintAndCreateLendOrder","line":60,"loc":{"start":{"line":53,"column":2},"end":{"line":70,"column":2}}},"5":{"name":"mintAndCreatePrivateLendOrder","line":81,"loc":{"start":{"line":72,"column":2},"end":{"line":93,"column":2}}},"6":{"name":"_mintV","line":95,"loc":{"start":{"line":95,"column":2},"end":{"line":114,"column":2}}},"7":{"name":"createLendOrder","line":123,"loc":{"start":{"line":116,"column":2},"end":{"line":140,"column":2}}},"8":{"name":"createPrivateLendOrder","line":151,"loc":{"start":{"line":142,"column":2},"end":{"line":168,"column":2}}},"9":{"name":"_createLendOrder","line":170,"loc":{"start":{"line":170,"column":2},"end":{"line":222,"column":2}}},"10":{"name":"cancelLendOrder","line":227,"loc":{"start":{"line":224,"column":2},"end":{"line":233,"column":2}}},"11":{"name":"getLendOrder","line":235,"loc":{"start":{"line":235,"column":2},"end":{"line":240,"column":2}}},"12":{"name":"getRenterOfPrivateLendOrder","line":242,"loc":{"start":{"line":242,"column":2},"end":{"line":247,"column":2}}},"13":{"name":"getPaymentNormal","line":249,"loc":{"start":{"line":249,"column":2},"end":{"line":254,"column":2}}},"14":{"name":"fulfillOrderNow","line":262,"loc":{"start":{"line":256,"column":2},"end":{"line":304,"column":2}}},"15":{"name":"distributePayment","line":306,"loc":{"start":{"line":306,"column":2},"end":{"line":357,"column":2}}},"16":{"name":"setFee","line":359,"loc":{"start":{"line":359,"column":2},"end":{"line":362,"column":2}}},"17":{"name":"getFee","line":364,"loc":{"start":{"line":364,"column":2},"end":{"line":366,"column":2}}},"18":{"name":"setMarketBeneficiary","line":368,"loc":{"start":{"line":368,"column":2},"end":{"line":370,"column":2}}},"19":{"name":"claimFee","line":374,"loc":{"start":{"line":372,"column":2},"end":{"line":391,"column":2}}},"20":{"name":"balanceOfRoyalty","line":393,"loc":{"start":{"line":393,"column":2},"end":{"line":398,"column":2}}},"21":{"name":"claimRoyalty","line":403,"loc":{"start":{"line":400,"column":2},"end":{"line":421,"column":2}}},"22":{"name":"isLendOrderValid","line":423,"loc":{"start":{"line":423,"column":2},"end":{"line":435,"column":2}}},"23":{"name":"setPause","line":437,"loc":{"start":{"line":437,"column":2},"end":{"line":444,"column":2}}},"24":{"name":"setMaxIndate","line":446,"loc":{"start":{"line":446,"column":2},"end":{"line":448,"column":2}}},"25":{"name":"multicall","line":450,"loc":{"start":{"line":450,"column":2},"end":{"line":461,"column":2}}}},"statementMap":{"1":{"start":{"line":28,"column":4},"end":{"line":28,"column":27}},"2":{"start":{"line":29,"column":4},"end":{"line":29,"column":38}},"3":{"start":{"line":39,"column":4},"end":{"line":39,"column":54}},"4":{"start":{"line":40,"column":4},"end":{"line":40,"column":1523}},"5":{"start":{"line":49,"column":4},"end":{"line":49,"column":36}},"6":{"start":{"line":61,"column":4},"end":{"line":61,"column":60}},"7":{"start":{"line":62,"column":4},"end":{"line":62,"column":2096}},"8":{"start":{"line":82,"column":4},"end":{"line":82,"column":60}},"9":{"start":{"line":83,"column":4},"end":{"line":83,"column":2576}},"10":{"start":{"line":100,"column":4},"end":{"line":100,"column":77}},"11":{"start":{"line":101,"column":4},"end":{"line":101,"column":2978}},"12":{"start":{"line":102,"column":6},"end":{"line":102,"column":70}},"13":{"start":{"line":103,"column":6},"end":{"line":103,"column":75}},"14":{"start":{"line":104,"column":6},"end":{"line":104,"column":3212}},"15":{"start":{"line":105,"column":8},"end":{"line":105,"column":59}},"16":{"start":{"line":107,"column":8},"end":{"line":107,"column":62}},"17":{"start":{"line":110,"column":6},"end":{"line":110,"column":57}},"18":{"start":{"line":112,"column":4},"end":{"line":112,"column":62}},"19":{"start":{"line":129,"column":4},"end":{"line":129,"column":3956}},"20":{"start":{"line":157,"column":4},"end":{"line":157,"column":4590}},"21":{"start":{"line":181,"column":4},"end":{"line":181,"column":53}},"22":{"start":{"line":182,"column":4},"end":{"line":182,"column":62}},"23":{"start":{"line":183,"column":4},"end":{"line":183,"column":5192}},"24":{"start":{"line":187,"column":4},"end":{"line":187,"column":5313}},"25":{"start":{"line":191,"column":4},"end":{"line":191,"column":78}},"26":{"start":{"line":192,"column":4},"end":{"line":192,"column":5514}},"27":{"start":{"line":195,"column":4},"end":{"line":195,"column":5577}},"28":{"start":{"line":199,"column":4},"end":{"line":199,"column":54}},"29":{"start":{"line":200,"column":4},"end":{"line":200,"column":59}},"30":{"start":{"line":211,"column":4},"end":{"line":211,"column":6183}},"31":{"start":{"line":228,"column":4},"end":{"line":228,"column":53}},"32":{"start":{"line":232,"column":4},"end":{"line":232,"column":55}},"33":{"start":{"line":239,"column":4},"end":{"line":239,"column":40}},"34":{"start":{"line":246,"column":4},"end":{"line":246,"column":45}},"35":{"start":{"line":253,"column":4},"end":{"line":253,"column":46}},"36":{"start":{"line":263,"column":4},"end":{"line":263,"column":64}},"37":{"start":{"line":264,"column":4},"end":{"line":264,"column":59}},"38":{"start":{"line":265,"column":4},"end":{"line":265,"column":7620}},"39":{"start":{"line":266,"column":6},"end":{"line":266,"column":7675}},"40":{"start":{"line":271,"column":4},"end":{"line":271,"column":59}},"41":{"start":{"line":272,"column":4},"end":{"line":272,"column":7851}},"42":{"start":{"line":275,"column":4},"end":{"line":275,"column":71}},"43":{"start":{"line":276,"column":4},"end":{"line":276,"column":8010}},"44":{"start":{"line":279,"column":4},"end":{"line":279,"column":46}},"45":{"start":{"line":280,"column":4},"end":{"line":280,"column":8116}},"46":{"start":{"line":281,"column":6},"end":{"line":281,"column":71}},"47":{"start":{"line":283,"column":4},"end":{"line":283,"column":59}},"48":{"start":{"line":292,"column":4},"end":{"line":292,"column":71}},"49":{"start":{"line":293,"column":4},"end":{"line":293,"column":8549}},"50":{"start":{"line":320,"column":4},"end":{"line":320,"column":71}},"51":{"start":{"line":329,"column":4},"end":{"line":329,"column":9462}},"52":{"start":{"line":330,"column":6},"end":{"line":330,"column":62}},"53":{"start":{"line":331,"column":6},"end":{"line":331,"column":9572}},"54":{"start":{"line":335,"column":6},"end":{"line":335,"column":9685}},"55":{"start":{"line":336,"column":8},"end":{"line":336,"column":69}},"56":{"start":{"line":339,"column":6},"end":{"line":339,"column":77}},"57":{"start":{"line":340,"column":6},"end":{"line":340,"column":9898}},"58":{"start":{"line":346,"column":6},"end":{"line":346,"column":76}},"59":{"start":{"line":347,"column":6},"end":{"line":347,"column":10119}},"60":{"start":{"line":351,"column":6},"end":{"line":351,"column":10234}},"61":{"start":{"line":360,"column":4},"end":{"line":360,"column":38}},"62":{"start":{"line":365,"column":4},"end":{"line":365,"column":14}},"63":{"start":{"line":375,"column":4},"end":{"line":375,"column":56}},"64":{"start":{"line":376,"column":4},"end":{"line":376,"column":10863}},"65":{"start":{"line":377,"column":6},"end":{"line":377,"column":58}},"66":{"start":{"line":378,"column":6},"end":{"line":378,"column":10998}},"67":{"start":{"line":379,"column":8},"end":{"line":379,"column":11028}},"68":{"start":{"line":380,"column":10},"end":{"line":380,"column":48}},"69":{"start":{"line":382,"column":10},"end":{"line":382,"column":11153}},"70":{"start":{"line":397,"column":4},"end":{"line":397,"column":47}},"71":{"start":{"line":404,"column":4},"end":{"line":404,"column":77}},"72":{"start":{"line":405,"column":4},"end":{"line":405,"column":57}},"73":{"start":{"line":406,"column":4},"end":{"line":406,"column":11809}},"74":{"start":{"line":407,"column":6},"end":{"line":407,"column":68}},"75":{"start":{"line":408,"column":6},"end":{"line":408,"column":11954}},"76":{"start":{"line":409,"column":8},"end":{"line":409,"column":11984}},"77":{"start":{"line":410,"column":10},"end":{"line":410,"column":49}},"78":{"start":{"line":412,"column":10},"end":{"line":412,"column":12110}},"79":{"start":{"line":427,"column":4},"end":{"line":427,"column":59}},"80":{"start":{"line":428,"column":4},"end":{"line":428,"column":12501}},"81":{"start":{"line":429,"column":6},"end":{"line":429,"column":18}},"82":{"start":{"line":431,"column":4},"end":{"line":431,"column":12611}},"83":{"start":{"line":439,"column":4},"end":{"line":439,"column":12790}},"84":{"start":{"line":440,"column":6},"end":{"line":440,"column":32}},"85":{"start":{"line":442,"column":6},"end":{"line":442,"column":34}},"86":{"start":{"line":454,"column":4},"end":{"line":454,"column":13139}},"87":{"start":{"line":455,"column":6},"end":{"line":455,"column":79}},"88":{"start":{"line":456,"column":6},"end":{"line":456,"column":13274}},"89":{"start":{"line":460,"column":4},"end":{"line":460,"column":18}}},"branchMap":{"1":{"line":27,"type":"if","locations":[{"start":{"line":27,"column":61},"end":{"line":27,"column":61}},{"start":{"line":27,"column":61},"end":{"line":27,"column":61}}]},"2":{"line":40,"type":"if","locations":[{"start":{"line":40,"column":4},"end":{"line":40,"column":4}},{"start":{"line":40,"column":4},"end":{"line":40,"column":4}}]},"3":{"line":41,"type":"cond-expr","locations":[{"start":{"line":41,"column":6},"end":{"line":41,"column":22}},{"start":{"line":42,"column":8},"end":{"line":42,"column":55}}]},"4":{"line":41,"type":"cond-expr","locations":[{"start":{"line":41,"column":6},"end":{"line":42,"column":55}},{"start":{"line":43,"column":8},"end":{"line":43,"column":59}}]},"5":{"line":49,"type":"if","locations":[{"start":{"line":49,"column":4},"end":{"line":49,"column":4}},{"start":{"line":49,"column":4},"end":{"line":49,"column":4}}]},"6":{"line":60,"type":"if","locations":[{"start":{"line":60,"column":11},"end":{"line":60,"column":11}},{"start":{"line":60,"column":11},"end":{"line":60,"column":11}}]},"7":{"line":81,"type":"if","locations":[{"start":{"line":81,"column":11},"end":{"line":81,"column":11}},{"start":{"line":81,"column":11},"end":{"line":81,"column":11}}]},"8":{"line":101,"type":"if","locations":[{"start":{"line":101,"column":4},"end":{"line":101,"column":4}},{"start":{"line":101,"column":4},"end":{"line":101,"column":4}}]},"9":{"line":104,"type":"if","locations":[{"start":{"line":104,"column":6},"end":{"line":104,"column":6}},{"start":{"line":104,"column":6},"end":{"line":104,"column":6}}]},"10":{"line":112,"type":"if","locations":[{"start":{"line":112,"column":4},"end":{"line":112,"column":4}},{"start":{"line":112,"column":4},"end":{"line":112,"column":4}}]},"11":{"line":123,"type":"if","locations":[{"start":{"line":123,"column":11},"end":{"line":123,"column":11}},{"start":{"line":123,"column":11},"end":{"line":123,"column":11}}]},"12":{"line":151,"type":"if","locations":[{"start":{"line":151,"column":11},"end":{"line":151,"column":11}},{"start":{"line":151,"column":11},"end":{"line":151,"column":11}}]},"13":{"line":182,"type":"if","locations":[{"start":{"line":182,"column":4},"end":{"line":182,"column":4}},{"start":{"line":182,"column":4},"end":{"line":182,"column":4}}]},"14":{"line":183,"type":"if","locations":[{"start":{"line":183,"column":4},"end":{"line":183,"column":4}},{"start":{"line":183,"column":4},"end":{"line":183,"column":4}}]},"15":{"line":187,"type":"if","locations":[{"start":{"line":187,"column":4},"end":{"line":187,"column":4}},{"start":{"line":187,"column":4},"end":{"line":187,"column":4}}]},"16":{"line":192,"type":"if","locations":[{"start":{"line":192,"column":4},"end":{"line":192,"column":4}},{"start":{"line":192,"column":4},"end":{"line":192,"column":4}}]},"17":{"line":195,"type":"if","locations":[{"start":{"line":195,"column":4},"end":{"line":195,"column":4}},{"start":{"line":195,"column":4},"end":{"line":195,"column":4}}]},"18":{"line":227,"type":"if","locations":[{"start":{"line":227,"column":11},"end":{"line":227,"column":11}},{"start":{"line":227,"column":11},"end":{"line":227,"column":11}}]},"19":{"line":262,"type":"if","locations":[{"start":{"line":262,"column":27},"end":{"line":262,"column":27}},{"start":{"line":262,"column":27},"end":{"line":262,"column":27}}]},"20":{"line":262,"type":"if","locations":[{"start":{"line":262,"column":41},"end":{"line":262,"column":41}},{"start":{"line":262,"column":41},"end":{"line":262,"column":41}}]},"21":{"line":263,"type":"if","locations":[{"start":{"line":263,"column":4},"end":{"line":263,"column":4}},{"start":{"line":263,"column":4},"end":{"line":263,"column":4}}]},"22":{"line":265,"type":"if","locations":[{"start":{"line":265,"column":4},"end":{"line":265,"column":4}},{"start":{"line":265,"column":4},"end":{"line":265,"column":4}}]},"23":{"line":266,"type":"if","locations":[{"start":{"line":266,"column":6},"end":{"line":266,"column":6}},{"start":{"line":266,"column":6},"end":{"line":266,"column":6}}]},"24":{"line":272,"type":"if","locations":[{"start":{"line":272,"column":4},"end":{"line":272,"column":4}},{"start":{"line":272,"column":4},"end":{"line":272,"column":4}}]},"25":{"line":276,"type":"if","locations":[{"start":{"line":276,"column":4},"end":{"line":276,"column":4}},{"start":{"line":276,"column":4},"end":{"line":276,"column":4}}]},"26":{"line":280,"type":"if","locations":[{"start":{"line":280,"column":4},"end":{"line":280,"column":4}},{"start":{"line":280,"column":4},"end":{"line":280,"column":4}}]},"27":{"line":281,"type":"if","locations":[{"start":{"line":281,"column":6},"end":{"line":281,"column":6}},{"start":{"line":281,"column":6},"end":{"line":281,"column":6}}]},"28":{"line":329,"type":"if","locations":[{"start":{"line":329,"column":4},"end":{"line":329,"column":4}},{"start":{"line":329,"column":4},"end":{"line":329,"column":4}}]},"29":{"line":330,"type":"if","locations":[{"start":{"line":330,"column":6},"end":{"line":330,"column":6}},{"start":{"line":330,"column":6},"end":{"line":330,"column":6}}]},"30":{"line":335,"type":"if","locations":[{"start":{"line":335,"column":6},"end":{"line":335,"column":6}},{"start":{"line":335,"column":6},"end":{"line":335,"column":6}}]},"31":{"line":347,"type":"if","locations":[{"start":{"line":347,"column":6},"end":{"line":347,"column":6}},{"start":{"line":347,"column":6},"end":{"line":347,"column":6}}]},"32":{"line":359,"type":"if","locations":[{"start":{"line":359,"column":39},"end":{"line":359,"column":39}},{"start":{"line":359,"column":39},"end":{"line":359,"column":39}}]},"33":{"line":360,"type":"if","locations":[{"start":{"line":360,"column":4},"end":{"line":360,"column":4}},{"start":{"line":360,"column":4},"end":{"line":360,"column":4}}]},"34":{"line":368,"type":"if","locations":[{"start":{"line":368,"column":69},"end":{"line":368,"column":69}},{"start":{"line":368,"column":69},"end":{"line":368,"column":69}}]},"35":{"line":374,"type":"if","locations":[{"start":{"line":374,"column":11},"end":{"line":374,"column":11}},{"start":{"line":374,"column":11},"end":{"line":374,"column":11}}]},"36":{"line":374,"type":"if","locations":[{"start":{"line":374,"column":25},"end":{"line":374,"column":25}},{"start":{"line":374,"column":25},"end":{"line":374,"column":25}}]},"37":{"line":375,"type":"if","locations":[{"start":{"line":375,"column":4},"end":{"line":375,"column":4}},{"start":{"line":375,"column":4},"end":{"line":375,"column":4}}]},"38":{"line":378,"type":"if","locations":[{"start":{"line":378,"column":6},"end":{"line":378,"column":6}},{"start":{"line":378,"column":6},"end":{"line":378,"column":6}}]},"39":{"line":379,"type":"if","locations":[{"start":{"line":379,"column":8},"end":{"line":379,"column":8}},{"start":{"line":379,"column":8},"end":{"line":379,"column":8}}]},"40":{"line":403,"type":"if","locations":[{"start":{"line":403,"column":11},"end":{"line":403,"column":11}},{"start":{"line":403,"column":11},"end":{"line":403,"column":11}}]},"41":{"line":403,"type":"if","locations":[{"start":{"line":403,"column":25},"end":{"line":403,"column":25}},{"start":{"line":403,"column":25},"end":{"line":403,"column":25}}]},"42":{"line":405,"type":"if","locations":[{"start":{"line":405,"column":4},"end":{"line":405,"column":4}},{"start":{"line":405,"column":4},"end":{"line":405,"column":4}}]},"43":{"line":408,"type":"if","locations":[{"start":{"line":408,"column":6},"end":{"line":408,"column":6}},{"start":{"line":408,"column":6},"end":{"line":408,"column":6}}]},"44":{"line":409,"type":"if","locations":[{"start":{"line":409,"column":8},"end":{"line":409,"column":8}},{"start":{"line":409,"column":8},"end":{"line":409,"column":8}}]},"45":{"line":428,"type":"if","locations":[{"start":{"line":428,"column":4},"end":{"line":428,"column":4}},{"start":{"line":428,"column":4},"end":{"line":428,"column":4}}]},"46":{"line":437,"type":"if","locations":[{"start":{"line":437,"column":40},"end":{"line":437,"column":40}},{"start":{"line":437,"column":40},"end":{"line":437,"column":40}}]},"47":{"line":439,"type":"if","locations":[{"start":{"line":439,"column":4},"end":{"line":439,"column":4}},{"start":{"line":439,"column":4},"end":{"line":439,"column":4}}]},"48":{"line":446,"type":"if","locations":[{"start":{"line":446,"column":44},"end":{"line":446,"column":44}},{"start":{"line":446,"column":44},"end":{"line":446,"column":44}}]},"49":{"line":456,"type":"if","locations":[{"start":{"line":456,"column":6},"end":{"line":456,"column":6}},{"start":{"line":456,"column":6},"end":{"line":456,"column":6}}]}}},"contracts\\MiddleWare.sol":{"l":{"34":0,"35":0,"37":0,"38":0,"41":0,"42":0,"50":0,"51":0,"52":0,"60":0,"61":0,"62":0,"65":0,"66":0,"75":0,"76":0,"78":0,"79":0,"83":0,"84":0,"87":0,"88":0,"89":0,"90":0,"91":0,"92":0,"93":0,"94":0,"95":0,"99":0,"103":0,"108":0,"109":0,"110":0,"111":0,"112":0,"113":0,"123":0,"124":0,"125":0,"136":0,"140":0,"141":0,"142":0},"path":"C:\\Users\\thoma\\Alyra\\double\\double-contract\\contracts\\MiddleWare.sol","s":{"1":0,"2":0,"3":0,"4":0,"5":0,"6":0,"7":0,"8":0,"9":0,"10":0,"11":0,"12":0,"13":0,"14":0,"15":0,"16":0,"17":0,"18":0,"19":0,"20":0},"b":{"1":[0,0],"2":[0,0],"3":[0,0],"4":[0,0],"5":[0,0]},"f":{"1":0,"2":0,"3":0,"4":0,"5":0,"6":0},"fnMap":{"1":{"name":"getNftOwnerAndUser","line":29,"loc":{"start":{"line":29,"column":2},"end":{"line":44,"column":2}}},"2":{"name":"getNftOwner","line":46,"loc":{"start":{"line":46,"column":2},"end":{"line":54,"column":2}}},"3":{"name":"getNftOwnerAndTokenURI","line":56,"loc":{"start":{"line":56,"column":2},"end":{"line":68,"column":2}}},"4":{"name":"getDoNftMarketInfo","line":70,"loc":{"start":{"line":70,"column":2},"end":{"line":116,"column":2}}},"5":{"name":"batchIsApprovedForAll","line":118,"loc":{"start":{"line":118,"column":2},"end":{"line":130,"column":2}}},"6":{"name":"batchGetDoNftIdByONftId","line":132,"loc":{"start":{"line":132,"column":2},"end":{"line":144,"column":2}}}},"statementMap":{"1":{"start":{"line":34,"column":4},"end":{"line":34,"column":44}},"2":{"start":{"line":35,"column":4},"end":{"line":35,"column":59}},"3":{"start":{"line":37,"column":4},"end":{"line":37,"column":1107}},"4":{"start":{"line":41,
[...]
"line":352,"column":2}}},"25":{"name":"getConfirmationCount","line":360,"loc":{"start":{"line":360,"column":2},"end":{"line":366,"column":2}}},"26":{"name":"getTransactionCount","line":372,"loc":{"start":{"line":372,"column":2},"end":{"line":382,"column":2}}},"27":{"name":"getOwners","line":386,"loc":{"start":{"line":386,"column":2},"end":{"line":388,"column":2}}},"28":{"name":"getConfirmations","line":393,"loc":{"start":{"line":393,"column":2},"end":{"line":406,"column":2}}},"29":{"name":"getTransactionIds","line":414,"loc":{"start":{"line":414,"column":2},"end":{"line":434,"column":2}}},"30":{"name":"getBlockTimestamp","line":436,"loc":{"start":{"line":436,"column":2},"end":{"line":438,"column":2}}},"31":{"name":"setDelay","line":443,"loc":{"start":{"line":443,"column":2},"end":{"line":450,"column":2}}},"32":{"name":"onERC721Received","line":452,"loc":{"start":{"line":452,"column":2},"end":{"line":460,"column":2}}}},"statementMap":{"1":{"start":{"line":12,"column":4},"end":{"line":12,"column":432}},"2":{"start":{"line":13,"column":6},"end":{"line":13,"column":16}},"3":{"start":{"line":15,"column":4},"end":{"line":15,"column":24}},"4":{"start":{"line":16,"column":4},"end":{"line":16,"column":18}},"5":{"start":{"line":17,"column":4},"end":{"line":17,"column":529}},"6":{"start":{"line":21,"column":4},"end":{"line":21,"column":43}},"7":{"start":{"line":22,"column":4},"end":{"line":22,"column":30}},"8":{"start":{"line":24,"column":4},"end":{"line":24,"column":695}},"9":{"start":{"line":28,"column":4},"end":{"line":28,"column":25}},"10":{"start":{"line":80,"column":4},"end":{"line":80,"column":70}},"11":{"start":{"line":85,"column":4},"end":{"line":85,"column":47}},"12":{"start":{"line":90,"column":4},"end":{"line":90,"column":42}},"13":{"start":{"line":95,"column":4},"end":{"line":95,"column":2861}},"14":{"start":{"line":103,"column":4},"end":{"line":103,"column":67}},"15":{"start":{"line":108,"column":4},"end":{"line":108,"column":69}},"16":{"start":{"line":113,"column":4},"end":{"line":113,"column":69}},"17":{"start":{"line":118,"column":4},"end":{"line":118,"column":60}},"18":{"start":{"line":123,"column":4},"end":{"line":123,"column":3624}},"19":{"start":{"line":151,"column":4},"end":{"line":151,"column":71}},"20":{"start":{"line":152,"column":4},"end":{"line":152,"column":75}},"21":{"start":{"line":154,"column":4},"end":{"line":154,"column":4537}},"22":{"start":{"line":155,"column":6},"end":{"line":155,"column":62}},"23":{"start":{"line":175,"column":4},"end":{"line":175,"column":21}},"24":{"start":{"line":176,"column":4},"end":{"line":176,"column":29}},"25":{"start":{"line":183,"column":4},"end":{"line":183,"column":5390}},"26":{"start":{"line":184,"column":6},"end":{"line":184,"column":5445}},"27":{"start":{"line":188,"column":4},"end":{"line":188,"column":76}},"28":{"start":{"line":188,"column":40},"end":{"line":188,"column":75}},"29":{"start":{"line":189,"column":4},"end":{"line":189,"column":28}},"30":{"start":{"line":199,"column":4},"end":{"line":199,"column":5999}},"31":{"start":{"line":200,"column":6},"end":{"line":200,"column":6050}},"32":{"start":{"line":206,"column":4},"end":{"line":206,"column":28}},"33":{"start":{"line":207,"column":4},"end":{"line":207,"column":32}},"34":{"start":{"line":216,"column":4},"end":{"line":216,"column":37}},"35":{"start":{"line":230,"column":4},"end":{"line":230,"column":36}},"36":{"start":{"line":236,"column":4},"end":{"line":236,"column":7320}},"37":{"start":{"line":237,"column":6},"end":{"line":237,"column":46}},"38":{"start":{"line":252,"column":4},"end":{"line":252,"column":48}},"39":{"start":{"line":266,"column":4},"end":{"line":266,"column":46}},"40":{"start":{"line":272,"column":4},"end":{"line":272,"column":8458}},"41":{"start":{"line":273,"column":6},"end":{"line":273,"column":46}},"42":{"start":{"line":287,"column":4},"end":{"line":287,"column":8875}},"43":{"start":{"line":291,"column":4},"end":{"line":291,"column":9048}},"44":{"start":{"line":297,"column":4},"end":{"line":297,"column":9241}},"45":{"start":{"line":298,"column":6},"end":{"line":298,"column":59}},"46":{"start":{"line":301,"column":6},"end":{"line":301,"column":75}},"47":{"start":{"line":302,"column":6},"end":{"line":302,"column":9527}},"48":{"start":{"line":302,"column":19},"end":{"line":302,"column":48}},"49":{"start":{"line":304,"column":8},"end":{"line":304,"column":9596}},"50":{"start":{"line":321,"column":4},"end":{"line":321,"column":21}},"51":{"start":{"line":322,"column":4},"end":{"line":322,"column":10064}},"52":{"start":{"line":323,"column":6},"end":{"line":323,"column":61}},"53":{"start":{"line":324,"column":6},"end":{"line":324,"column":40}},"54":{"start":{"line":324,"column":29},"end":{"line":324,"column":40}},"55":{"start":{"line":326,"column":4},"end":{"line":326,"column":16}},"56":{"start":{"line":351,"column":4},"end":{"line":351,"column":34}},"57":{"start":{"line":364,"column":4},"end":{"line":364,"column":11391}},"58":{"start":{"line":365,"column":6},"end":{"line":365,"column":61}},"59":{"start":{"line":377,"column":4},"end":{"line":377,"column":11844}},"60":{"start":{"line":378,"column":6},"end":{"line":378,"column":11898}},"61":{"start":{"line":387,"column":4},"end":{"line":387,"column":17}},"62":{"start":{"line":396,"column":4},"end":{"line":396,"column":69}},"63":{"start":{"line":397,"column":4},"end":{"line":397,"column":21}},"64":{"start":{"line":398,"column":4},"end":{"line":398,"column":13}},"65":{"start":{"line":399,"column":4},"end":{"line":399,"column":12587}},"66":{"start":{"line":400,"column":6},"end":{"line":400,"column":12630}},"67":{"start":{"line":405,"column":4},"end":{"line":405,"column":72}},"68":{"start":{"line":420,"column":4},"end":{"line":420,"column":73}},"69":{"start":{"line":421,"column":4},"end":{"line":421,"column":21}},"70":{"start":{"line":422,"column":4},"end":{"line":422,"column":13}},"71":{"start":{"line":423,"column":4},"end":{"line":423,"column":13495}},"72":{"start":{"line":424,"column":6},"end":{"line":424,"column":13541}},"73":{"start":{"line":432,"column":4},"end":{"line":432,"column":13829}},"74":{"start":{"line":437,"column":4},"end":{"line":437,"column":26}},"75":{"start":{"line":444,"column":4},"end":{"line":444,"column":71}},"76":{"start":{"line":445,"column":4},"end":{"line":445,"column":75}},"77":{"start":{"line":449,"column":4},"end":{"line":449,"column":24}},"78":{"start":{"line":458,"column":4},"end":{"line":458,"column":32}},"79":{"start":{"line":459,"column":4},"end":{"line":459,"column":19}}},"branchMap":{"1":{"line":12,"type":"if","locations":[{"start":{"line":12,"column":4},"end":{"line":12,"column":4}},{"start":{"line":12,"column":4},"end":{"line":12,"column":4}}]},"2":{"line":80,"type":"if","locations":[{"start":{"line":80,"column":4},"end":{"line":80,"column":4}},{"start":{"line":80,"column":4},"end":{"line":80,"column":4}}]},"3":{"line":85,"type":"if","locations":[{"start":{"line":85,"column":4},"end":{"line":85,"column":4}},{"start":{"line":85,"column":4},"end":{"line":85,"column":4}}]},"4":{"line":90,"type":"if","locations":[{"start":{"line":90,"column":4},"end":{"line":90,"column":4}},{"start":{"line":90,"column":4},"end":{"line":90,"column":4}}]},"5":{"line":95,"type":"if","locations":[{"start":{"line":95,"column":4},"end":{"line":95,"column":4}},{"start":{"line":95,"column":4},"end":{"line":95,"column":4}}]},"6":{"line":103,"type":"if","locations":[{"start":{"line":103,"column":4},"end":{"line":103,"column":4}},{"start":{"line":103,"column":4},"end":{"line":103,"column":4}}]},"7":{"line":108,"type":"if","locations":[{"start":{"line":108,"column":4},"end":{"line":108,"column":4}},{"start":{"line":108,"column":4},"end":{"line":108,"column":4}}]},"8":{"line":113,"type":"if","locations":[{"start":{"line":113,"column":4},"end":{"line":113,"column":4}},{"start":{"line":113,"column":4},"end":{"line":113,"column":4}}]},"9":{"line":118,"type":"if","locations":[{"start":{"line":118,"column":4},"end":{"line":118,"column":4}},{"start":{"line":118,"column":4},"end":{"line":118,"column":4}}]},"10":{"line":123,"type":"if","locations":[{"start":{"line":123,"column":4},"end":{"line":123,"column":4}},{"start":{"line":123,"column":4},"end":{"line":123,"column":4}}]},"11":{"line":137,"type":"if","locations":[{"start":{"line":137,"column":4},"end":{"line":137,"column":4}},{"start":{"line":137,"column":4},"end":{"line":137,"column":4}}]},"12":{"line":151,"type":"if","locations":[{"start":{"line":151,"column":4},"end":{"line":151,"column":4}},{"start":{"line":151,"column":4},"end":{"line":151,"column":4}}]},"13":{"line":152,"type":"if","locations":[{"start":{"line":152,"column":4},"end":{"line":152,"column":4}},{"start":{"line":152,"column":4},"end":{"line":152,"column":4}}]},"14":{"line":155,"type":"if","locations":[{"start":{"line":155,"column":6},"end":{"line":155,"column":6}},{"start":{"line":155,"column":6},"end":{"line":155,"column":6}}]},"15":{"line":169,"type":"if","locations":[{"start":{"line":169,"column":4},"end":{"line":169,"column":4}},{"start":{"line":169,"column":4},"end":{"line":169,"column":4}}]},"16":{"line":170,"type":"if","locations":[{"start":{"line":170,"column":4},"end":{"line":170,"column":4}},{"start":{"line":170,"column":4},"end":{"line":170,"column":4}}]},"17":{"line":171,"type":"if","locations":[{"start":{"line":171,"column":4},"end":{"line":171,"column":4}},{"start":{"line":171,"column":4},"end":{"line":171,"column":4}}]},"18":{"line":172,"type":"if","locations":[{"start":{"line":172,"column":4},"end":{"line":172,"column":4}},{"start":{"line":172,"column":4},"end":{"line":172,"column":4}}]},"19":{"line":181,"type":"if","locations":[{"start":{"line":181,"column":45},"end":{"line":181,"column":45}},{"start":{"line":181,"column":45},"end":{"line":181,"column":45}}]},"20":{"line":181,"type":"if","locations":[{"start":{"line":181,"column":56},"end":{"line":181,"column":56}},{"start":{"line":181,"column":56},"end":{"line":181,"column":56}}]},"21":{"line":184,"type":"if","locations":[{"start":{"line":184,"column":6},"end":{"line":184,"column":6}},{"start":{"line":184,"column":6},"end":{"line":184,"column":6}}]},"22":{"line":188,"type":"if","locations":[{"start":{"line":188,"column":4},"end":{"line":188,"column":4}},{"start":{"line":188,"column":4},"end":{"line":188,"column":4}}]},"23":{"line":198,"type":"if","locations":[{"start":{"line":198,"column":11},"end":{"line":198,"column":11}},{"start":{"line":198,"column":11},"end":{"line":198,"column":11}}]},"24":{"line":198,"type":"if","locations":[{"start":{"line":198,"column":22},"end":{"line":198,"column":22}},{"start":{"line":198,"column":22},"end":{"line":198,"column":22}}]},"25":{"line":198,"type":"if","locations":[{"start":{"line":198,"column":41},"end":{"line":198,"column":41}},{"start":{"line":198,"column":41},"end":{"line":198,"column":41}}]},"26":{"line":200,"type":"if","locations":[{"start":{"line":200,"column":6},"end":{"line":200,"column":6}},{"start":{"line":200,"column":6},"end":{"line":200,"column":6}}]},"27":{"line":214,"type":"if","locations":[{"start":{"line":214,"column":11},"end":{"line":214,"column":11}},{"start":{"line":214,"column":11},"end":{"line":214,"column":11}}]},"28":{"line":214,"type":"if","locations":[{"start":{"line":214,"column":22},"end":{"line":214,"column":22}},{"start":{"line":214,"column":22},"end":{"line":214,"column":22}}]},"29":{"line":247,"type":"if","locations":[{"start":{"line":247,"column":4},"end":{"line":247,"column":4}},{"start":{"line":247,"column":4},"end":{"line":247,"column":4}}]},"30":{"line":248,"type":"if","locations":[{"start":{"line":248,"column":4},"end":{"line":248,"column":4}},{"start":{"line":248,"column":4},"end":{"line":248,"column":4}}]},"31":{"line":249,"type":"if","locations":[{"start":{"line":249,"column":4},"end":{"line":249,"column":4}},{"start":{"line":249,"column":4},"end":{"line":249,"column":4}}]},"32":{"line":261,"type":"if","locations":[{"start":{"line":261,"column":4},"end":{"line":261,"column":4}},{"start":{"line":261,"column":4},"end":{"line":261,"column":4}}]},"33":{"line":262,"type":"if","locations":[{"start":{"line":262,"column":4},"end":{"line":262,"column":4}},{"start":{"line":262,"column":4},"end":{"line":262,"column":4}}]},"34":{"line":263,"type":"if","locations":[{"start":{"line":263,"column":4},"end":{"line":263,"column":4}},{"start":{"line":263,"column":4},"end":{"line":263,"column":4}}]},"35":{"line":283,"type":"if","locations":[{"start":{"line":283,"column":4},"end":{"line":283,"column":4}},{"start":{"line":283,"column":4},"end":{"line":283,"column":4}}]},"36":{"line":284,"type":"if","locations":[{"start":{"line":284,"column":4},"end":{"line":284,"column":4}},{"start":{"line":284,"column":4},"end":{"line":284,"column":4}}]},"37":{"line":285,"type":"if","locations":[{"start":{"line":285,"column":4},"end":{"line":285,"column":4}},{"start":{"line":285,"column":4},"end":{"line":285,"column":4}}]},"38":{"line":287,"type":"if","locations":[{"start":{"line":287,"column":4},"end":{"line":287,"column":4}},{"start":{"line":287,"column":4},"end":{"line":287,"column":4}}]},"39":{"line":291,"type":"if","locations":[{"start":{"line":291,"column":4},"end":{"line":291,"column":4}},{"start":{"line":291,"column":4},"end":{"line":291,"column":4}}]},"40":{"line":297,"type":"if","locations":[{"start":{"line":297,"column":4},"end":{"line":297,"column":4}},{"start":{"line":297,"column":4},"end":{"line":297,"column":4}}]},"41":{"line":302,"type":"if","locations":[{"start":{"line":302,"column":6},"end":{"line":302,"column":6}},{"start":{"line":302,"column":6},"end":{"line":302,"column":6}}]},"42":{"line":323,"type":"if","locations":[{"start":{"line":323,"column":6},"end":{"line":323,"column":6}},{"start":{"line":323,"column":6},"end":{"line":323,"column":6}}]},"43":{"line":324,"type":"if","locations":[{"start":{"line":324,"column":6},"end":{"line":324,"column":6}},{"start":{"line":324,"column":6},"end":{"line":324,"column":6}}]},"44":{"line":341,"type":"if","locations":[{"start":{"line":341,"column":13},"end":{"line":341,"column":13}},{"start":{"line":341,"column":13},"end":{"line":341,"column":13}}]},"45":{"line":365,"type":"if","locations":[{"start":{"line":365,"column":6},"end":{"line":365,"column":6}},{"start":{"line":365,"column":6},"end":{"line":365,"column":6}}]},"46":{"line":378,"type":"if","locations":[{"start":{"line":378,"column":6},"end":{"line":378,"column":6}},{"start":{"line":378,"column":6},"end":{"line":378,"column":6}}]},"47":{"line":379,"type":"cond-expr","locations":[{"start":{"line":379,"column":8},"end":{"line":379,"column":45}},{"start":{"line":380,"column":8},"end":{"line":380,"column":45}}]},"48":{"line":400,"type":"if","locations":[{"start":{"line":400,"column":6},"end":{"line":400,"column":6}},{"start":{"line":400,"column":6},"end":{"line":400,"column":6}}]},"49":{"line":424,"type":"if","locations":[{"start":{"line":424,"column":6},"end":{"line":424,"column":6}},{"start":{"line":424,"column":6},"end":{"line":424,"column":6}}]},"50":{"line":425,"type":"cond-expr","locations":[{"start":{"line":425,"column":8},"end":{"line":425,"column":45}},{"start":{"line":426,"column":8},"end":{"line":426,"column":45}}]},"51":{"line":443,"type":"if","locations":[{"start":{"line":443,"column":43},"end":{"line":443,"column":43}},{"start":{"line":443,"column":43},"end":{"line":443,"column":43}}]},"52":{"line":444,"type":"if","locations":[{"start":{"line":444,"column":4},"end":{"line":444,"column":4}},{"start":{"line":444,"column":4},"end":{"line":444,"column":4}}]},"53":{"line":445,"type":"if","locations":[{"start":{"line":445,"column":4},"end":{"line":445,"column":4}},{"start":{"line":445,"column":4},"end":{"line":445,"column":4}}]}}},"contracts\\VipDoNFT.sol":{"l":{"12":0,"13":0,"17":0,"18":0,"19":0,"20":0,"21":0,"29":0,"30":0,"31":0},"path":"C:\\Users\\thoma\\Alyra\\double\\double-contract\\contracts\\VipDoNFT.sol","s":{"1":0,"2":0,"3":0,"4":0,"5":0,"6":0,"7":0,"8":0},"b":{"1":[0,0],"2":[0,0],"3":[0,0]},"f":{"1":0,"2":0},"fnMap":{"1":{"name":"mintVNft","line":11,"loc":{"start":{"line":9,"column":2},"end":{"line":22,"column":2}}},"2":{"name":"checkIn","line":24,"loc":{"start":{"line":24,"column":2},"end":{"line":32,"column":2}}}},"statementMap":{"1":{"start":{"line":12,"column":4},"end":{"line":12,"column":47}},"2":{"start":{"line":13,"column":4},"end":{"line":13,"column":371}},"3":{"start":{"line":17,"column":4},"end":{"line":17,"column":57}},"4":{"start":{"line":18,"column":4},"end":{"line":18,"column":71}},"5":{"start":{"line":21,"column":4},"end":{"line":21,"column":44}},"6":{"start":{"line":29,"column":4},"end":{"line":29,"column":45}},"7":{"start":{"line":30,"column":4},"end":{"line":30,"column":59}},"8":{"start":{"line":31,"column":4},"end":{"line":31,"column":55}}},"branchMap":{"1":{"line":11,"type":"if","locations":[{"start":{"line":11,"column":28},"end":{"line":11,"column":28}},{"start":{"line":11,"column":28},"end":{"line":11,"column":28}}]},"2":{"line":12,"type":"if","locations":[{"start":{"line":12,"column":4},"end":{"line":12,"column":4}},{"start":{"line":12,"column":4},"end":{"line":12,"column":4}}]},"3":{"line":13,"type":"if","locations":[{"start":{"line":13,"column":4},"end":{"line":13,"column":4}},{"start":{"line":13,"column":4},"end":{"line":13,"column":4}}]}}},"contracts\\WrapDoNFT.sol":{"l":{"15":0,"16":0,"17":0,"18":0,"19":0,"21":0,"22":0,"23":0,"27":0,"28":0,"29":0,"32":0,"39":0,"43":0,"44":0,"45":0,"50":0,"51":0},"path":"C:\\Users\\thoma\\Alyra\\double\\double-contract\\contracts\\WrapDoNFT.sol","s":{"1":0,"2":0,"3":0,"4":0,"5":0,"6":0,"7":0,"8":0,"9":0,"10":0,"11":0,"12":0,"13":0,"14":0,"15":0,"16":0},"b":{"1":[0,0],"2":[0,0],"3":[0,0],"4":[0,0],"5":[0,0],"6":[0,0]},"f":{"1":0,"2":0},"fnMap":{"1":{"name":"couldRedeem","line":11,"loc":{"start":{"line":11,"column":2},"end":{"line":33,"column":2}}},"2":{"name":"redeem","line":35,"loc":{"start":{"line":35,"column":2},"end":{"line":52,"column":2}}}},"statementMap":{"1":{"start":{"line":15,"column":4},"end":{"line":15,"column":39}},"2":{"start":{"line":16,"column":4},"end":{"line":16,"column":50}},"3":{"start":{"line":17,"column":4},"end":{"line":17,"column":63}},"4":{"start":{"line":18,"column":4},"end":{"line":18,"column":589}},"5":{"start":{"line":19,"column":6},"end":{"line":19,"column":18}},"6":{"start":{"line":21,"column":4},"end":{"line":21,"column":37}},"7":{"start":{"line":22,"column":4},"end":{"line":22,"column":702}},"8":{"start":{"line":23,"column":6},"end":{"line":23,"column":774}},"9":{"start":{"line":28,"column":6},"end":{"line":28,"column":982}},"10":{"start":{"line":32,"column":4},"end":{"line":32,"column":42}},"11":{"start":{"line":39,"column":4},"end":{"line":39,"column":1231}},"12":{"start":{"line":43,"column":4},"end":{"line":43,"column":62}},"13":{"start":{"line":44,"column":4},"end":{"line":44,"column":50}},"14":{"start":{"line":45,"column":4},"end":{"line":45,"column":1482}},"15":{"start":{"line":50,"column":4},"end":{"line":50,"column":21}},"16":{"start":{"line":51,"column":4},"end":{"line":51,"column":34}}},"branchMap":{"1":{"line":15,"type":"if","locations":[{"start":{"line":15,"column":4},"end":{"line":15,"column":4}},{"start":{"line":15,"column":4},"end":{"line":15,"column":4}}]},"2":{"line":18,"type":"if","locations":[{"start":{"line":18,"column":4},"end":{"line":18,"column":4}},{"start":{"line":18,"column":4},"end":{"line":18,"column":4}}]},"3":{"line":23,"type":"if","locations":[{"start":{"line":23,"column":6},"end":{"line":23,"column":6}},{"start":{"line":23,"column":6},"end":{"line":23,"column":6}}]},"4":{"line":28,"type":"if","locations":[{"start":{"line":28,"column":6},"end":{"line":28,"column":6}},{"start":{"line":28,"column":6},"end":{"line":28,"column":6}}]},"5":{"line":39,"type":"if","locations":[{"start":{"line":39,"column":4},"end":{"line":39,"column":4}},{"start":{"line":39,"column":4},"end":{"line":39,"column":4}}]},"6":{"line":43,"type":"if","locations":[{"start":{"line":43,"column":4},"end":{"line":43,"column":4}},{"start":{"line":43,"column":4},"end":{"line":43,"column":4}}]}}}}