TN:
SF:C:\Users\thoma\Alyra\double\double-contract\contracts\BaseDoNFT.sol
FN:37,_BaseDoNFT_init
FN:47,onlyNow
FN:54,onlyApprovedOrOwner
FN:66,setIsOnlyNow
FN:70,contains
FN:78,getDurationIdList
FN:87,getDuration
FN:96,getDurationByIndex
FN:112,isValidNow
FN:128,getDurationListLength
FN:136,getDoNftInfo
FN:162,getNonce
FN:173,mint
FN:222,setMaxDuration
FN:226,getMaxDuration
FN:230,newDoNft
FN:243,newDuration
FN:254,mintDoNft
FN:265,concat
FN:300,_burnDuration
FN:308,_burnVNft
FN:320,_burnToken
FN:325,checkIn
FN:349,gc
FN:369,getFingerprint
FN:386,isVNft
FN:392,getOriginalNftAddress
FN:396,getOriginalNftId
FN:401,getVNftId
FN:405,onERC721Received
FN:415,_update
FN:425,supportsInterface
FN:437,exists
FN:441,isApprovedOrOwnerOrMarket
FN:453,setMarket
FN:462,multicall
FNF:36
FNH:0
FNDA:0,_BaseDoNFT_init
FNDA:0,onlyNow
FNDA:0,onlyApprovedOrOwner
FNDA:0,setIsOnlyNow
FNDA:0,contains
FNDA:0,getDurationIdList
FNDA:0,getDuration
FNDA:0,getDurationByIndex
FNDA:0,isValidNow
FNDA:0,getDurationListLength
FNDA:0,getDoNftInfo
FNDA:0,getNonce
FNDA:0,mint
FNDA:0,setMaxDuration
FNDA:0,getMaxDuration
FNDA:0,newDoNft
FNDA:0,newDuration
FNDA:0,mintDoNft
FNDA:0,concat
FNDA:0,_burnDuration
FNDA:0,_burnVNft
FNDA:0,_burnToken
FNDA:0,checkIn
FNDA:0,gc
FNDA:0,getFingerprint
FNDA:0,isVNft
FNDA:0,getOriginalNftAddress
FNDA:0,getOriginalNftId
FNDA:0,getVNftId
FNDA:0,onERC721Received
FNDA:0,_update
FNDA:0,supportsInterface
FNDA:0,exists
FNDA:0,isApprovedOrOwnerOrMarket
FNDA:0,setMarket
FNDA:0,multicall
DA:38,0
DA:39,0
DA:40,0
DA:41,0
DA:42,0
DA:43,0
DA:44,0
DA:48,0
DA:49,0
DA:51,0
DA:59,0
DA:60,0
DA:61,0
DA:67,0
DA:75,0
DA:83,0
DA:84,0
DA:92,0
DA:93,0
DA:105,0
DA:106,0
DA:107,0
DA:108,0
DA:109,0
DA:113,0
DA:114,0
DA:115,0
DA:116,0
DA:117,0
DA:118,0
DA:122,0
DA:125,0
DA:133,0
DA:147,0
DA:148,0
DA:149,0
DA:150,0
DA:151,0
DA:152,0
DA:153,0
DA:154,0
DA:155,0
DA:156,0
DA:157,0
DA:158,0
DA:163,0
DA:174,0
DA:175,0
DA:177,0
DA:181,0
DA:185,0
DA:186,0
DA:187,0
DA:188,0
DA:192,0
DA:193,0
DA:194,0
DA:195,0
DA:196,0
DA:197,0
DA:198,0
DA:201,0
DA:202,0
DA:204,0
DA:206,0
DA:207,0
DA:209,0
DA:212,0
DA:213,0
DA:216,0
DA:217,0
DA:219,0
DA:223,0
DA:227,0
DA:235,0
DA:236,0
DA:237,0
DA:238,0
DA:239,0
DA:240,0
DA:248,0
DA:249,0
DA:250,0
DA:251,0
DA:260,0
DA:261,0
DA:262,0
DA:271,0
DA:275,0
DA:276,0
DA:277,0
DA:281,0
DA:283,0
DA:284,0
DA:285,0
DA:286,0
DA:287,0
DA:288,0
DA:290,0
DA:291,0
DA:292,0
DA:295,0
DA:296,0
DA:301,0
DA:302,0
DA:303,0
DA:304,0
DA:305,0
DA:309,0
DA:310,0
DA:311,0
DA:312,0
DA:314,0
DA:315,0
DA:316,0
DA:317,0
DA:321,0
DA:322,0
DA:330,0
DA:334,0
DA:335,0
DA:336,0
DA:337,0
DA:338,0
DA:339,0
DA:350,0
DA:351,0
DA:352,0
DA:353,0
DA:354,0
DA:355,0
DA:356,0
DA:357,0
DA:358,0
DA:363,0
DA:364,0
DA:365,0
DA:374,0
DA:381,0
DA:387,0
DA:389,0
DA:393,0
DA:397,0
DA:398,0
DA:402,0
DA:411,0
DA:412,0
DA:420,0
DA:421,0
DA:422,0
DA:432,0
DA:438,0
DA:446,0
DA:447,0
DA:448,0
DA:454,0
DA:455,0
DA:458,0
DA:459,0
DA:463,0
DA:464,0
DA:465,0
DA:466,0
DA:467,0
DA:470,0
LF:165
LH:0
BRDA:37,1,0,0
BRDA:37,1,1,0
BRDA:48,2,0,0
BRDA:48,2,1,0
BRDA:49,3,0,0
BRDA:49,3,1,0
BRDA:59,4,0,0
BRDA:59,4,1,0
BRDA:61,5,0,0
BRDA:61,5,1,0
BRDA:61,6,0,0
BRDA:61,6,1,0
BRDA:66,7,0,0
BRDA:66,7,1,0
BRDA:106,8,0,0
BRDA:106,8,1,0
BRDA:118,9,0,0
BRDA:118,9,1,0
BRDA:173,10,0,0
BRDA:173,10,1,0
BRDA:173,11,0,0
BRDA:173,11,1,0
BRDA:174,12,0,0
BRDA:174,12,1,0
BRDA:177,13,0,0
BRDA:177,13,1,0
BRDA:181,14,0,0
BRDA:181,14,1,0
BRDA:186,15,0,0
BRDA:186,15,1,0
BRDA:188,16,0,0
BRDA:188,16,1,0
BRDA:193,17,0,0
BRDA:193,17,1,0
BRDA:197,18,0,0
BRDA:197,18,1,0
BRDA:201,19,0,0
BRDA:201,19,1,0
BRDA:203,20,0,0
BRDA:203,20,1,0
BRDA:206,21,0,0
BRDA:206,21,1,0
BRDA:216,22,0,0
BRDA:216,22,1,0
BRDA:222,23,0,0
BRDA:222,23,1,0
BRDA:271,24,0,0
BRDA:271,24,1,0
BRDA:275,25,0,0
BRDA:275,25,1,0
BRDA:276,26,0,0
BRDA:276,26,1,0
BRDA:277,27,0,0
BRDA:277,27,1,0
BRDA:281,28,0,0
BRDA:281,28,1,0
BRDA:285,29,0,0
BRDA:285,29,1,0
BRDA:286,30,0,0
BRDA:286,30,1,0
BRDA:289,31,0,0
BRDA:289,31,1,0
BRDA:290,32,0,0
BRDA:290,32,1,0
BRDA:295,33,0,0
BRDA:295,33,1,0
BRDA:330,34,0,0
BRDA:330,34,1,0
BRDA:336,35,0,0
BRDA:336,35,1,0
BRDA:337,36,0,0
BRDA:337,36,1,0
BRDA:338,37,0,0
BRDA:338,37,1,0
BRDA:355,38,0,0
BRDA:355,38,1,0
BRDA:357,39,0,0
BRDA:357,39,1,0
BRDA:363,40,0,0
BRDA:363,40,1,0
BRDA:364,41,0,0
BRDA:364,41,1,0
BRDA:387,42,0,0
BRDA:387,42,1,0
BRDA:433,43,0,0
BRDA:433,43,1,0
BRDA:446,44,0,0
BRDA:446,44,1,0
BRDA:448,45,0,0
BRDA:448,45,1,0
BRDA:448,46,0,0
BRDA:448,46,1,0
BRDA:453,47,0,0
BRDA:453,47,1,0
BRDA:458,48,0,0
BRDA:458,48,1,0
BRDA:458,49,0,0
BRDA:458,49,1,0
BRDA:466,50,0,0
BRDA:466,50,1,0
BRF:100
BRH:0
end_of_record
TN:
SF:C:\Users\thoma\Alyra\double\double-contract\contracts\CheckInMgr.sol
FN:24,resetExpiredTo
FN:37,isCheckInDataExpired
FN:45,setUser
FNF:3
FNH:0
FNDA:0,resetExpiredTo
FNDA:0,isCheckInDataExpired
FNDA:0,setUser
DA:26,0
DA:27,0
DA:28,0
DA:29,0
DA:38,0
DA:50,0
LF:6
LH:0
BRDA:24,1,0,0
BRDA:24,1,1,0
BRDA:28,2,0,0
BRDA:28,2,1,0
BRF:4
BRH:0
end_of_record
TN:
SF:C:\Users\thoma\Alyra\double\double-contract\contracts\ComplexDoNFT.sol
FN:23,initialize
FN:30,mintVNft
FN:67,checkIn
FN:80,getUser
FN:86,redeem
FN:117,supportsInterface
FN:126,tokenURI
FNF:7
FNH:0
FNDA:0,initialize
FNDA:0,mintVNft
FNDA:0,checkIn
FNDA:0,getUser
FNDA:0,redeem
FNDA:0,supportsInterface
FNDA:0,tokenURI
DA:24,0
DA:25,0
DA:31,0
DA:32,0
DA:34,0
DA:35,0
DA:36,0
DA:37,0
DA:38,0
DA:42,0
DA:43,0
DA:44,0
DA:46,0
DA:50,0
DA:51,0
DA:54,0
DA:58,0
DA:59,0
DA:62,0
DA:63,0
DA:64,0
DA:72,0
DA:73,0
DA:83,0
DA:90,0
DA:94,0
DA:95,0
DA:97,0
DA:98,0
DA:99,0
DA:100,0
DA:106,0
DA:113,0
DA:114,0
DA:120,0
DA:129,0
DA:130,0
DA:131,0
DA:132,0
DA:133,0
DA:135,0
DA:136,0
DA:137,0
DA:140,0
DA:141,0
DA:142,0
DA:144,0
DA:145,0
DA:148,0
LF:49
LH:0
BRDA:23,1,0,0
BRDA:23,1,1,0
BRDA:30,2,0,0
BRDA:30,2,1,0
BRDA:31,3,0,0
BRDA:31,3,1,0
BRDA:34,4,0,0
BRDA:34,4,1,0
BRDA:37,5,0,0
BRDA:37,5,1,0
BRDA:38,6,0,0
BRDA:38,6,1,0
BRDA:46,7,0,0
BRDA:46,7,1,0
BRDA:54,8,0,0
BRDA:54,8,1,0
BRDA:90,9,0,0
BRDA:90,9,1,0
BRDA:94,10,0,0
BRDA:94,10,1,0
BRDA:97,11,0,0
BRDA:97,11,1,0
BRDA:121,12,0,0
BRDA:121,12,1,0
BRDA:121,13,0,0
BRDA:121,13,1,0
BRDA:129,14,0,0
BRDA:129,14,1,0
BRDA:135,15,0,0
BRDA:135,15,1,0
BRDA:140,16,0,0
BRDA:140,16,1,0
BRF:32
BRH:0
end_of_record
TN:
SF:C:\Users\thoma\Alyra\double\double-contract\contracts\dcl\DCL.sol
FNF:0
FNH:0
LF:0
LH:0
BRF:0
BRH:0
end_of_record
TN:
SF:C:\Users\thoma\Alyra\double\double-contract\contracts\dcl\DclDoNFT.sol
FN:9,getUser
FN:15,setUser
FNF:2
FNH:0
FNDA:0,getUser
FNDA:0,setUser
DA:12,0
DA:20,0
DA:21,0
LF:3
LH:0
BRF:0
BRH:0
end_of_record
TN:
SF:C:\Users\thoma\Alyra\double\double-contract\contracts\dcl\IDCL.sol
FNF:0
FNH:0
LF:0
LH:0
BRF:0
BRH:0
end_of_record
TN:
SF:C:\Users\thoma\Alyra\double\double-contract\contracts\DoNFTFactory.sol
FN:35,constructor
FN:49,setBeaconAndMarket
FN:54,deployDoNFT
FN:94,deployWrapNFT
FN:117,getDoNFT
FNF:5
FNH:0
FNDA:0,constructor
FNDA:0,setBeaconAndMarket
FNDA:0,deployDoNFT
FNDA:0,deployWrapNFT
FNDA:0,getDoNFT
DA:41,0
DA:42,0
DA:43,0
DA:50,0
DA:51,0
DA:63,0
DA:67,0
DA:71,0
DA:81,0
DA:82,0
DA:83,0
DA:99,0
DA:103,0
DA:108,0
DA:109,0
DA:121,0
LF:16
LH:0
BRDA:49,1,0,0
BRDA:49,1,1,0
BRDA:63,2,0,0
BRDA:63,2,1,0
BRDA:67,3,0,0
BRDA:67,3,1,0
BRDA:99,4,0,0
BRDA:99,4,1,0
BRDA:103,5,0,0
BRDA:103,5,1,0
BRF:10
BRH:0
end_of_record
TN:
SF:C:\Users\thoma\Alyra\double\double-contract\contracts\DoubleSVG.sol
FN:14,encode
FN:55,_daysFromDate
FN:78,_daysToDate
FN:99,timestampFromDateTime
FN:117,timestampToDateTime
FN:142,toString
FN:161,generateImage
FN:196,formatDate
FN:243,genTokenURI
FN:280,configTime
FNF:10
FNH:0
FNDA:0,encode
FNDA:0,_daysFromDate
FNDA:0,_daysToDate
FNDA:0,timestampFromDateTime
FNDA:0,timestampToDateTime
FNDA:0,toString
FNDA:0,generateImage
FNDA:0,formatDate
FNDA:0,genTokenURI
FNDA:0,configTime
DA:15,0
DA:17,0
DA:19,0
DA:21,0
DA:23,0
DA:52,0
DA:60,0
DA:61,0
DA:62,0
DA:63,0
DA:65,0
DA:75,0
DA:81,0
DA:83,0
DA:84,0
DA:85,0
DA:86,0
DA:87,0
DA:88,0
DA:89,0
DA:90,0
DA:91,0
DA:92,0
DA:94,0
DA:95,0
DA:96,0
DA:107,0
DA:131,0
DA:132,0
DA:133,0
DA:134,0
DA:135,0
DA:136,0
DA:143,0
DA:144,0
DA:146,0
DA:147,0
DA:148,0
DA:149,0
DA:150,0
DA:152,0
DA:153,0
DA:154,0
DA:155,0
DA:156,0
DA:158,0
DA:166,0
DA:167,0
DA:169,0
DA:170,0
DA:172,0
DA:174,0
DA:175,0
DA:176,0
DA:178,0
DA:197,0
DA:205,0
DA:206,0
DA:207,0
DA:209,0
DA:210,0
DA:211,0
DA:213,0
DA:214,0
DA:215,0
DA:217,0
DA:218,0
DA:219,0
DA:221,0
DA:222,0
DA:223,0
DA:225,0
DA:250,0
DA:253,0
DA:255,0
DA:281,0
DA:282,0
DA:287,0
LF:78
LH:0
BRDA:15,1,0,0
BRDA:15,1,1,0
BRDA:60,2,0,0
BRDA:60,2,1,0
BRDA:143,3,0,0
BRDA:143,3,1,0
BRDA:169,4,0,0
BRDA:169,4,1,0
BRDA:175,5,0,0
BRDA:175,5,1,0
BRDA:206,6,0,0
BRDA:206,6,1,0
BRDA:210,7,0,0
BRDA:210,7,1,0
BRDA:214,8,0,0
BRDA:214,8,1,0
BRDA:218,9,0,0
BRDA:218,9,1,0
BRDA:222,10,0,0
BRDA:222,10,1,0
BRDA:281,11,0,0
BRDA:281,11,1,0
BRF:22
BRH:0
end_of_record
TN:
SF:C:\Users\thoma\Alyra\double\double-contract\contracts\dualRoles\ERC4907.sol
FN:18,constructor
FN:20,_isApprovedOrOwner
FN:36,setUser
FN:55,userOf
FN:67,userExpires
FN:72,supportsInterface
FN:80,_update
FNF:7
FNH:0
FNDA:0,constructor
FNDA:0,_isApprovedOrOwner
FNDA:0,setUser
FNDA:0,userOf
FNDA:0,userExpires
FNDA:0,supportsInterface
FNDA:0,_update
DA:25,0
DA:26,0
DA:41,0
DA:45,0
DA:46,0
DA:47,0
DA:48,0
DA:56,0
DA:57,0
DA:59,0
DA:68,0
DA:75,0
DA:85,0
DA:87,0
DA:88,0
DA:89,0
DA:90,0
DA:93,0
LF:18
LH:0
BRDA:26,1,0,0
BRDA:26,1,1,0
BRDA:26,2,0,0
BRDA:26,2,1,0
BRDA:41,3,0,0
BRDA:41,3,1,0
BRDA:56,4,0,0
BRDA:56,4,1,0
BRDA:76,5,0,0
BRDA:76,5,1,0
BRDA:87,6,0,0
BRDA:87,6,1,0
BRF:12
BRH:0
end_of_record
TN:
SF:C:\Users\thoma\Alyra\double\double-contract\contracts\dualRoles\IERC4907.sol
FNF:0
FNH:0
LF:0
LH:0
BRF:0
BRH:0
end_of_record
TN:
SF:C:\Users\thoma\Alyra\double\double-contract\contracts\dualRoles\wrap\IWrapNFT.sol
FNF:0
FNH:0
LF:0
LH:0
BRF:0
BRH:0
end_of_record
TN:
SF:C:\Users\thoma\Alyra\double\double-contract\contracts\dualRoles\wrap\WrapERC721DualRole.sol
FN:16,constructor
FN:25,originalAddress
FN:29,stake
FN:45,redeem
FN:59,onlyApprovedOrOwner
FN:74,originalOwnerOf
FN:83,tokenURI
FN:89,onERC721Received
FN:100,supportsInterface
FNF:9
FNH:0
FNDA:0,constructor
FNDA:0,originalAddress
FNDA:0,stake
FNDA:0,redeem
FNDA:0,onlyApprovedOrOwner
FNDA:0,originalOwnerOf
FNDA:0,tokenURI
FNDA:0,onERC721Received
FNDA:0,supportsInterface
DA:17,0
DA:18,0
DA:22,0
DA:26,0
DA:30,0
DA:34,0
DA:35,0
DA:40,0
DA:41,0
DA:42,0
DA:46,0
DA:50,0
DA:55,0
DA:56,0
DA:64,0
DA:65,0
DA:69,0
DA:77,0
DA:78,0
DA:79,0
DA:86,0
DA:95,0
DA:96,0
DA:103,0
LF:24
LH:0
BRDA:17,1,0,0
BRDA:17,1,1,0
BRDA:18,2,0,0
BRDA:18,2,1,0
BRDA:30,3,0,0
BRDA:30,3,1,0
BRDA:46,4,0,0
BRDA:46,4,1,0
BRDA:65,5,0,0
BRDA:65,5,1,0
BRDA:69,6,0,0
BRDA:69,6,1,0
BRDA:69,7,0,0
BRDA:69,7,1,0
BRDA:78,8,0,0
BRDA:78,8,1,0
BRDA:104,9,0,0
BRDA:104,9,1,0
BRDA:104,10,0,0
BRDA:104,10,1,0
BRF:20
BRH:0
end_of_record
TN:
SF:C:\Users\thoma\Alyra\double\double-contract\contracts\ens\BaseRegistrar.sol
FNF:0
FNH:0
LF:0
LH:0
BRF:0
BRH:0
end_of_record
TN:
SF:C:\Users\thoma\Alyra\double\double-contract\contracts\ens\ENS.sol
FNF:0
FNH:0
LF:0
LH:0
BRF:0
BRH:0
end_of_record
TN:
SF:C:\Users\thoma\Alyra\double\double-contract\contracts\ens\ENSDoNFT.sol
FN:24,initializeENS
FN:39,mintVNft
FN:63,getUser
FN:73,setUser
FN:82,couldRedeem
FNF:5
FNH:0
FNDA:0,initializeENS
FNDA:0,mintVNft
FNDA:0,getUser
FNDA:0,setUser
FNDA:0,couldRedeem
DA:25,0
DA:34,0
DA:40,0
DA:41,0
DA:46,0
DA:47,0
DA:48,0
DA:49,0
DA:53,0
DA:54,0
DA:55,0
DA:58,0
DA:59,0
DA:60,0
DA:66,0
DA:68,0
DA:69,0
DA:70,0
DA:78,0
DA:79,0
DA:86,0
DA:87,0
DA:88,0
DA:89,0
DA:90,0
DA:92,0
DA:93,0
DA:94,0
DA:98,0
DA:99,0
DA:100,0
DA:103,0
LF:32
LH:0
BRDA:24,1,0,0
BRDA:24,1,1,0
BRDA:39,2,0,0
BRDA:39,2,1,0
BRDA:40,3,0,0
BRDA:40,3,1,0
BRDA:41,4,0,0
BRDA:41,4,1,0
BRDA:46,5,0,0
BRDA:46,5,1,0
BRDA:48,6,0,0
BRDA:48,6,1,0
BRDA:86,7,0,0
BRDA:86,7,1,0
BRDA:89,8,0,0
BRDA:89,8,1,0
BRDA:94,9,0,0
BRDA:94,9,1,0
BRDA:99,10,0,0
BRDA:99,10,1,0
BRF:20
BRH:0
end_of_record
TN:
SF:C:\Users\thoma\Alyra\double\double-contract\contracts\IBaseDoNFT.sol
FNF:0
FNH:0
LF:0
LH:0
BRF:0
BRH:0
end_of_record
TN:
SF:C:\Users\thoma\Alyra\double\double-contract\contracts\IComplexDoNFT.sol
FNF:0
FNH:0
LF:0
LH:0
BRF:0
BRH:0
end_of_record
TN:
SF:C:\Users\thoma\Alyra\double\double-contract\contracts\IDoubleSVG.sol
FNF:0
FNH:0
LF:0
LH:0
BRF:0
BRH:0
end_of_record
TN:
SF:C:\Users\thoma\Alyra\double\double-contract\contracts\IWrapDoNFT.sol
FNF:0
FNH:0
LF:0
LH:0
BRF:0
BRH:0
end_of_record
TN:
SF:C:\Users\thoma\Alyra\double\double-contract\contracts\market\IMarket.sol
FNF:0
FNH:0
LF:0
LH:0
BRF:0
BRH:0
end_of_record
TN:
SF:C:\Users\thoma\Alyra\double\double-contract\contracts\market\Market.sol
FN:27,initialize
FN:34,onlyApprovedOrOwner
FN:48,whenNotPaused
FN:60,mintAndCreateLendOrder
FN:81,mintAndCreatePrivateLendOrder
FN:95,_mintV
FN:123,createLendOrder
FN:151,createPrivateLendOrder
FN:170,_createLendOrder
FN:227,cancelLendOrder
FN:235,getLendOrder
FN:242,getRenterOfPrivateLendOrder
FN:249,getPaymentNormal
FN:262,fulfillOrderNow
FN:306,distributePayment
FN:359,setFee
FN:364,getFee
FN:368,setMarketBeneficiary
FN:374,claimFee
FN:393,balanceOfRoyalty
FN:403,claimRoyalty
FN:423,isLendOrderValid
FN:437,setPause
FN:446,setMaxIndate
FN:450,multicall
FNF:25
FNH:0
FNDA:0,initialize
FNDA:0,onlyApprovedOrOwner
FNDA:0,whenNotPaused
FNDA:0,mintAndCreateLendOrder
FNDA:0,mintAndCreatePrivateLendOrder
FNDA:0,_mintV
FNDA:0,createLendOrder
FNDA:0,createPrivateLendOrder
FNDA:0,_createLendOrder
FNDA:0,cancelLendOrder
FNDA:0,getLendOrder
FNDA:0,getRenterOfPrivateLendOrder
FNDA:0,getPaymentNormal
FNDA:0,fulfillOrderNow
FNDA:0,distributePayment
FNDA:0,setFee
FNDA:0,getFee
FNDA:0,setMarketBeneficiary
FNDA:0,claimFee
FNDA:0,balanceOfRoyalty
FNDA:0,claimRoyalty
FNDA:0,isLendOrderValid
FNDA:0,setPause
FNDA:0,setMaxIndate
FNDA:0,multicall
DA:28,0
DA:29,0
DA:30,0
DA:31,0
DA:39,0
DA:40,0
DA:49,0
DA:50,0
DA:61,0
DA:62,0
DA:82,0
DA:83,0
DA:100,0
DA:101,0
DA:102,0
DA:103,0
DA:104,0
DA:105,0
DA:107,0
DA:110,0
DA:112,0
DA:113,0
DA:124,0
DA:125,0
DA:129,0
DA:152,0
DA:153,0
DA:157,0
DA:181,0
DA:182,0
DA:183,0
DA:187,0
DA:191,0
DA:192,0
DA:193,0
DA:195,0
DA:196,0
DA:199,0
DA:200,0
DA:201,0
DA:202,0
DA:203,0
DA:204,0
DA:205,0
DA:206,0
DA:207,0
DA:208,0
DA:209,0
DA:211,0
DA:228,0
DA:229,0
DA:230,0
DA:231,0
DA:232,0
DA:239,0
DA:246,0
DA:253,0
DA:263,0
DA:264,0
DA:265,0
DA:266,0
DA:271,0
DA:272,0
DA:273,0
DA:275,0
DA:276,0
DA:277,0
DA:279,0
DA:280,0
DA:281,0
DA:283,0
DA:284,0
DA:292,0
DA:293,0
DA:320,0
DA:321,0
DA:322,0
DA:323,0
DA:324,0
DA:326,0
DA:327,0
DA:329,0
DA:330,0
DA:331,0
DA:335,0
DA:336,0
DA:339,0
DA:340,0
DA:346,0
DA:347,0
DA:351,0
DA:360,0
DA:361,0
DA:365,0
DA:369,0
DA:375,0
DA:376,0
DA:377,0
DA:378,0
DA:379,0
DA:380,0
DA:382,0
DA:388,0
DA:397,0
DA:404,0
DA:405,0
DA:406,0
DA:407,0
DA:408,0
DA:409,0
DA:410,0
DA:412,0
DA:418,0
DA:427,0
DA:428,0
DA:429,0
DA:431,0
DA:438,0
DA:439,0
DA:440,0
DA:442,0
DA:447,0
DA:453,0
DA:454,0
DA:455,0
DA:456,0
DA:457,0
DA:460,0
LF:128
LH:0
BRDA:27,1,0,0
BRDA:27,1,1,0
BRDA:40,2,0,0
BRDA:40,2,1,0
BRDA:41,3,0,0
BRDA:41,3,1,0
BRDA:41,4,0,0
BRDA:41,4,1,0
BRDA:49,5,0,0
BRDA:49,5,1,0
BRDA:60,6,0,0
BRDA:60,6,1,0
BRDA:81,7,0,0
BRDA:81,7,1,0
BRDA:101,8,0,0
BRDA:101,8,1,0
BRDA:104,9,0,0
BRDA:104,9,1,0
BRDA:112,10,0,0
BRDA:112,10,1,0
BRDA:123,11,0,0
BRDA:123,11,1,0
BRDA:151,12,0,0
BRDA:151,12,1,0
BRDA:182,13,0,0
BRDA:182,13,1,0
BRDA:183,14,0,0
BRDA:183,14,1,0
BRDA:187,15,0,0
BRDA:187,15,1,0
BRDA:192,16,0,0
BRDA:192,16,1,0
BRDA:195,17,0,0
BRDA:195,17,1,0
BRDA:227,18,0,0
BRDA:227,18,1,0
BRDA:262,19,0,0
BRDA:262,19,1,0
BRDA:262,20,0,0
BRDA:262,20,1,0
BRDA:263,21,0,0
BRDA:263,21,1,0
BRDA:265,22,0,0
BRDA:265,22,1,0
BRDA:266,23,0,0
BRDA:266,23,1,0
BRDA:272,24,0,0
BRDA:272,24,1,0
BRDA:276,25,0,0
BRDA:276,25,1,0
BRDA:280,26,0,0
BRDA:280,26,1,0
BRDA:281,27,0,0
BRDA:281,27,1,0
BRDA:329,28,0,0
BRDA:329,28,1,0
BRDA:330,29,0,0
BRDA:330,29,1,0
BRDA:335,30,0,0
BRDA:335,30,1,0
BRDA:347,31,0,0
BRDA:347,31,1,0
BRDA:359,32,0,0
BRDA:359,32,1,0
BRDA:360,33,0,0
BRDA:360,33,1,0
BRDA:368,34,0,0
BRDA:368,34,1,0
BRDA:374,35,0,0
BRDA:374,35,1,0
BRDA:374,36,0,0
BRDA:374,36,1,0
BRDA:375,37,0,0
BRDA:375,37,1,0
BRDA:378,38,0,0
BRDA:378,38,1,0
BRDA:379,39,0,0
BRDA:379,39,1,0
BRDA:403,40,0,0
BRDA:403,40,1,0
BRDA:403,41,0,0
BRDA:403,41,1,0
BRDA:405,42,0,0
BRDA:405,42,1,0
BRDA:408,43,0,0
BRDA:408,43,1,0
BRDA:409,44,0,0
BRDA:409,44,1,0
BRDA:428,45,0,0
BRDA:428,45,1,0
BRDA:437,46,0,0
BRDA:437,46,1,0
BRDA:439,47,0,0
BRDA:439,47,1,0
BRDA:446,48,0,0
BRDA:446,48,1,0
BRDA:456,49,0,0
BRDA:456,49,1,0
BRF:98
BRH:0
end_of_record
TN:
SF:C:\Users\thoma\Alyra\double\double-contract\contracts\MiddleWare.sol
FN:29,getNftOwnerAndUser
FN:46,getNftOwner
FN:56,getNftOwnerAndTokenURI
FN:70,getDoNftMarketInfo
FN:118,batchIsApprovedForAll
FN:132,batchGetDoNftIdByONftId
FNF:6
FNH:0
FNDA:0,getNftOwnerAndUser
FNDA:0,getNftOwner
FNDA:0,getNftOwnerAndTokenURI
FNDA:0,getDoNftMarketInfo
FNDA:0,batchIsApprovedForAll
FNDA:0,batchGetDoNftIdByONftId
DA:34,0
DA:35,0
DA:37,0
DA:38,0
DA:41,0
DA:42,0
DA:50,0
DA:51,0
DA:52,0
DA:60,0
DA:61,0
DA:62,0
DA:65,0
DA:66,0
DA:75,0
DA:76,0
DA:78,0
DA:79,0
DA:83,0
DA:84,0
DA:87,0
DA:88,0
DA:89,0
DA:90,0
DA:91,0
DA:92,0
DA:93,0
DA:94,0
DA:95,0
DA:99,0
DA:103,0
DA:108,0
DA:109,0
DA:110,0
DA:111,0
DA:112,0
DA:113,0
DA:123,0
DA:124,0
DA:125,0
DA:136,0
DA:140,0
DA:141,0
DA:142,0
LF:44
LH:0
BRDA:83,1,0,0
BRDA:83,1,1,0
BRDA:93,2,0,0
BRDA:93,2,1,0
BRDA:99,3,0,0
BRDA:99,3,1,0
BRDA:100,4,0,0
BRDA:100,4,1,0
BRDA:136,5,0,0
BRDA:136,5,1,0
BRF:10
BRH:0
end_of_record
TN:
SF:C:\Users\thoma\Alyra\double\double-contract\contracts\OwnableContract.sol
FN:13,initOwnableContract
FN:18,onlyOwner
FN:23,onlyPendingOwner
FN:28,onlyAdmin
FN:33,transferOwnership
FN:38,renounceOwnership
FN:48,acceptOwner
FN:57,setAdmin
FNF:8
FNH:0
FNDA:0,initOwnableContract
FNDA:0,onlyOwner
FNDA:0,onlyPendingOwner
FNDA:0,onlyAdmin
FNDA:0,transferOwnership
FNDA:0,renounceOwnership
FNDA:0,acceptOwner
FNDA:0,setAdmin
DA:14,0
DA:15,0
DA:19,0
DA:20,0
DA:24,0
DA:25,0
DA:29,0
DA:30,0
DA:34,0
DA:35,0
DA:39,0
DA:40,0
DA:41,0
DA:43,0
DA:44,0
DA:45,0
DA:49,0
DA:50,0
DA:52,0
DA:53,0
DA:54,0
DA:58,0
DA:59,0
LF:23
LH:0
BRDA:19,1,0,0
BRDA:19,1,1,0
BRDA:24,2,0,0
BRDA:24,2,1,0
BRDA:29,3,0,0
BRDA:29,3,1,0
BRDA:29,4,0,0
BRDA:29,4,1,0
BRDA:33,5,0,0
BRDA:33,5,1,0
BRDA:38,6,0,0
BRDA:38,6,1,0
BRDA:48,7,0,0
BRDA:48,7,1,0
BRDA:57,8,0,0
BRDA:57,8,1,0
BRF:16
BRH:0
end_of_record
TN:
SF:C:\Users\thoma\Alyra\double\double-contract\contracts\royalty\IRoyalty.sol
FNF:0
FNH:0
LF:0
LH:0
BRF:0
BRH:0
end_of_record
TN:
SF:C:\Users\thoma\Alyra\double\double-contract\contracts\royalty\Royalty.sol
FN:14,onlyRoyaltyAdmin
FN:19,setTempRoyaltyAdmin
FN:25,claimRoyaltyAdmin
FN:35,setBeneficiary
FN:42,getBeneficiary
FN:46,setRoyaltyFee
FN:52,getRoyaltyFee
FNF:7
FNH:0
FNDA:0,onlyRoyaltyAdmin
FNDA:0,setTempRoyaltyAdmin
FNDA:0,claimRoyaltyAdmin
FNDA:0,setBeneficiary
FNDA:0,getBeneficiary
FNDA:0,setRoyaltyFee
FNDA:0,getRoyaltyFee
DA:15,0
DA:16,0
DA:20,0
DA:21,0
DA:22,0
DA:26,0
DA:27,0
DA:28,0
DA:29,0
DA:37,0
DA:38,0
DA:39,0
DA:43,0
DA:47,0
DA:48,0
DA:49,0
DA:53,0
LF:17
LH:0
BRDA:15,1,0,0
BRDA:15,1,1,0
BRDA:20,2,0,0
BRDA:20,2,1,0
BRDA:21,3,0,0
BRDA:21,3,1,0
BRDA:26,4,0,0
BRDA:26,4,1,0
BRDA:35,5,0,0
BRDA:35,5,1,0
BRDA:37,6,0,0
BRDA:37,6,1,0
BRDA:46,7,0,0
BRDA:46,7,1,0
BRDA:47,8,0,0
BRDA:47,8,1,0
BRF:16
BRH:0
end_of_record
TN:
SF:C:\Users\thoma\Alyra\double\double-contract\contracts\TimeLockMultiSigWallet.sol
FN:8,toString
FN:79,onlyWallet
FN:84,ownerDoesNotExist
FN:89,ownerExists
FN:94,transactionExists
FN:102,confirmed
FN:107,notConfirmed
FN:112,notExecuted
FN:117,notNull
FN:122,validRequirement
FN:134,
FN:150,constructor
FN:172,addOwner
FN:181,removeOwner
FN:198,replaceOwner
FN:214,changeRequirement
FN:224,submitTransaction
FN:235,batchConfirmTransaction
FN:249,confirmTransaction
FN:263,revokeConfirmation
FN:271,batchExecuteTransaction
FN:285,executeTransaction
FN:320,isConfirmed
FN:341,addTransaction
FN:360,getConfirmationCount
FN:372,getTransactionCount
FN:386,getOwners
FN:393,getConfirmations
FN:414,getTransactionIds
FN:436,getBlockTimestamp
FN:443,setDelay
FN:452,onERC721Received
FNF:32
FNH:0
FNDA:0,toString
FNDA:0,onlyWallet
FNDA:0,ownerDoesNotExist
FNDA:0,ownerExists
FNDA:0,transactionExists
FNDA:0,confirmed
FNDA:0,notConfirmed
FNDA:0,notExecuted
FNDA:0,notNull
FNDA:0,validRequirement
FNDA:0,
FNDA:0,constructor
FNDA:0,addOwner
FNDA:0,removeOwner
FNDA:0,replaceOwner
FNDA:0,changeRequirement
FNDA:0,submitTransaction
FNDA:0,batchConfirmTransaction
FNDA:0,confirmTransaction
FNDA:0,revokeConfirmation
FNDA:0,batchExecuteTransaction
FNDA:0,executeTransaction
FNDA:0,isConfirmed
FNDA:0,addTransaction
FNDA:0,getConfirmationCount
FNDA:0,getTransactionCount
FNDA:0,getOwners
FNDA:0,getConfirmations
FNDA:0,getTransactionIds
FNDA:0,getBlockTimestamp
FNDA:0,setDelay
FNDA:0,onERC721Received
DA:12,0
DA:13,0
DA:15,0
DA:16,0
DA:17,0
DA:18,0
DA:19,0
DA:21,0
DA:22,0
DA:23,0
DA:24,0
DA:25,0
DA:26,0
DA:28,0
DA:80,0
DA:81,0
DA:85,0
DA:86,0
DA:90,0
DA:91,0
DA:95,0
DA:99,0
DA:103,0
DA:104,0
DA:108,0
DA:109,0
DA:113,0
DA:114,0
DA:118,0
DA:119,0
DA:123,0
DA:130,0
DA:137,0
DA:151,0
DA:152,0
DA:154,0
DA:155,0
DA:156,0
DA:158,0
DA:159,0
DA:160,0
DA:174,0
DA:175,0
DA:176,0
DA:182,0
DA:183,0
DA:184,0
DA:185,0
DA:186,0
DA:188,0
DA:189,0
DA:199,0
DA:200,0
DA:201,0
DA:202,0
DA:204,0
DA:205,0
DA:206,0
DA:207,0
DA:215,0
DA:216,0
DA:229,0
DA:230,0
DA:236,0
DA:237,0
DA:251,0
DA:252,0
DA:265,0
DA:266,0
DA:272,0
DA:273,0
DA:287,0
DA:291,0
DA:297,0
DA:298,0
DA:299,0
DA:301,0
DA:302,0
DA:304,0
DA:321,0
DA:322,0
DA:323,0
DA:324,0
DA:326,0
DA:342,0
DA:343,0
DA:350,0
DA:351,0
DA:363,0
DA:364,0
DA:365,0
DA:376,0
DA:377,0
DA:378,0
DA:387,0
DA:396,0
DA:397,0
DA:398,0
DA:399,0
DA:400,0
DA:401,0
DA:402,0
DA:404,0
DA:405,0
DA:420,0
DA:421,0
DA:422,0
DA:423,0
DA:424,0
DA:428,0
DA:429,0
DA:431,0
DA:432,0
DA:433,0
DA:437,0
DA:444,0
DA:445,0
DA:447,0
DA:449,0
DA:458,0
DA:459,0
LF:121
LH:0
BRDA:12,1,0,0
BRDA:12,1,1,0
BRDA:80,2,0,0
BRDA:80,2,1,0
BRDA:85,3,0,0
BRDA:85,3,1,0
BRDA:90,4,0,0
BRDA:90,4,1,0
BRDA:95,5,0,0
BRDA:95,5,1,0
BRDA:103,6,0,0
BRDA:103,6,1,0
BRDA:108,7,0,0
BRDA:108,7,1,0
BRDA:113,8,0,0
BRDA:113,8,1,0
BRDA:118,9,0,0
BRDA:118,9,1,0
BRDA:123,10,0,0
BRDA:123,10,1,0
BRDA:137,11,0,0
BRDA:137,11,1,0
BRDA:151,12,0,0
BRDA:151,12,1,0
BRDA:152,13,0,0
BRDA:152,13,1,0
BRDA:155,14,0,0
BRDA:155,14,1,0
BRDA:169,15,0,0
BRDA:169,15,1,0
BRDA:170,16,0,0
BRDA:170,16,1,0
BRDA:171,17,0,0
BRDA:171,17,1,0
BRDA:172,18,0,0
BRDA:172,18,1,0
BRDA:181,19,0,0
BRDA:181,19,1,0
BRDA:181,20,0,0
BRDA:181,20,1,0
BRDA:184,21,0,0
BRDA:184,21,1,0
BRDA:188,22,0,0
BRDA:188,22,1,0
BRDA:198,23,0,0
BRDA:198,23,1,0
BRDA:198,24,0,0
BRDA:198,24,1,0
BRDA:198,25,0,0
BRDA:198,25,1,0
BRDA:200,26,0,0
BRDA:200,26,1,0
BRDA:214,27,0,0
BRDA:214,27,1,0
BRDA:214,28,0,0
BRDA:214,28,1,0
BRDA:247,29,0,0
BRDA:247,29,1,0
BRDA:248,30,0,0
BRDA:248,30,1,0
BRDA:249,31,0,0
BRDA:249,31,1,0
BRDA:261,32,0,0
BRDA:261,32,1,0
BRDA:262,33,0,0
BRDA:262,33,1,0
BRDA:263,34,0,0
BRDA:263,34,1,0
BRDA:283,35,0,0
BRDA:283,35,1,0
BRDA:284,36,0,0
BRDA:284,36,1,0
BRDA:285,37,0,0
BRDA:285,37,1,0
BRDA:287,38,0,0
BRDA:287,38,1,0
BRDA:291,39,0,0
BRDA:291,39,1,0
BRDA:297,40,0,0
BRDA:297,40,1,0
BRDA:302,41,0,0
BRDA:302,41,1,0
BRDA:323,42,0,0
BRDA:323,42,1,0
BRDA:324,43,0,0
BRDA:324,43,1,0
BRDA:341,44,0,0
BRDA:341,44,1,0
BRDA:365,45,0,0
BRDA:365,45,1,0
BRDA:378,46,0,0
BRDA:378,46,1,0
BRDA:379,47,0,0
BRDA:379,47,1,0
BRDA:400,48,0,0
BRDA:400,48,1,0
BRDA:424,49,0,0
BRDA:424,49,1,0
BRDA:425,50,0,0
BRDA:425,50,1,0
BRDA:443,51,0,0
BRDA:443,51,1,0
BRDA:444,52,0,0
BRDA:444,52,1,0
BRDA:445,53,0,0
BRDA:445,53,1,0
BRF:106
BRH:0
end_of_record
TN:
SF:C:\Users\thoma\Alyra\double\double-contract\contracts\VipDoNFT.sol
FN:11,mintVNft
FN:24,checkIn
FNF:2
FNH:0
FNDA:0,mintVNft
FNDA:0,checkIn
DA:12,0
DA:13,0
DA:17,0
DA:18,0
DA:19,0
DA:20,0
DA:21,0
DA:29,0
DA:30,0
DA:31,0
LF:10
LH:0
BRDA:11,1,0,0
BRDA:11,1,1,0
BRDA:12,2,0,0
BRDA:12,2,1,0
BRDA:13,3,0,0
BRDA:13,3,1,0
BRF:6
BRH:0
end_of_record
TN:
SF:C:\Users\thoma\Alyra\double\double-contract\contracts\WrapDoNFT.sol
FN:11,couldRedeem
FN:35,redeem
FNF:2
FNH:0
FNDA:0,couldRedeem
FNDA:0,redeem
DA:15,0
DA:16,0
DA:17,0
DA:18,0
DA:19,0
DA:21,0
DA:22,0
DA:23,0
DA:27,0
DA:28,0
DA:29,0
DA:32,0
DA:39,0
DA:43,0
DA:44,0
DA:45,0
DA:50,0
DA:51,0
LF:18
LH:0
BRDA:15,1,0,0
BRDA:15,1,1,0
BRDA:18,2,0,0
BRDA:18,2,1,0
BRDA:23,3,0,0
BRDA:23,3,1,0
BRDA:28,4,0,0
BRDA:28,4,1,0
BRDA:39,5,0,0
BRDA:39,5,1,0
BRDA:43,6,0,0
BRDA:43,6,1,0
BRF:12
BRH:0
end_of_record
